2024-12-10 17:10:40,209 [RMI TCP Connection(2)-127.0.0.1] DEBUG com.heartoftatarstan.listeners.ContextListener- Context initialized
2024-12-10 17:25:58,120 [RMI TCP Connection(2)-127.0.0.1] DEBUG com.heartoftatarstan.listeners.ContextListener- Context initialized
2024-12-10 17:27:16,439 [RMI TCP Connection(2)-127.0.0.1] DEBUG com.heartoftatarstan.listeners.ContextListener- Context initialized
2024-12-10 17:29:00,997 [RMI TCP Connection(2)-127.0.0.1] DEBUG com.heartoftatarstan.listeners.ContextListener- Context initialized
2024-12-10 17:29:01,579 [http-nio-8080-exec-1] INFO  com.heartoftatarstan.servlets.LoginServlet- Room{id=1, name='Эконом', capacity=1, price=1500.0}
2024-12-10 17:29:01,588 [http-nio-8080-exec-1] INFO  com.heartoftatarstan.servlets.LoginServlet- Room{id=2, name='Эконом+', capacity=2, price=2000.0}
2024-12-10 17:29:01,588 [http-nio-8080-exec-1] INFO  com.heartoftatarstan.servlets.LoginServlet- Room{id=3, name='Стандарт', capacity=2, price=3000.0}
2024-12-10 17:29:01,588 [http-nio-8080-exec-1] INFO  com.heartoftatarstan.servlets.LoginServlet- Room{id=4, name='Семейный', capacity=4, price=5000.0}
2024-12-10 17:29:01,588 [http-nio-8080-exec-1] INFO  com.heartoftatarstan.servlets.LoginServlet- Room{id=6, name='Апартаменты', capacity=5, price=10000.0}
2024-12-10 17:29:02,909 [http-nio-8080-exec-2] INFO  com.heartoftatarstan.servlets.LoginServlet- Room{id=1, name='Эконом', capacity=1, price=1500.0}
2024-12-10 17:29:02,909 [http-nio-8080-exec-2] INFO  com.heartoftatarstan.servlets.LoginServlet- Room{id=2, name='Эконом+', capacity=2, price=2000.0}
2024-12-10 17:29:02,909 [http-nio-8080-exec-2] INFO  com.heartoftatarstan.servlets.LoginServlet- Room{id=3, name='Стандарт', capacity=2, price=3000.0}
2024-12-10 17:29:02,909 [http-nio-8080-exec-2] INFO  com.heartoftatarstan.servlets.LoginServlet- Room{id=4, name='Семейный', capacity=4, price=5000.0}
2024-12-10 17:29:02,909 [http-nio-8080-exec-2] INFO  com.heartoftatarstan.servlets.LoginServlet- Room{id=6, name='Апартаменты', capacity=5, price=10000.0}
2024-12-10 17:29:03,047 [http-nio-8080-exec-3] INFO  com.heartoftatarstan.servlets.LoginServlet- Room{id=1, name='Эконом', capacity=1, price=1500.0}
2024-12-10 17:29:03,047 [http-nio-8080-exec-3] INFO  com.heartoftatarstan.servlets.LoginServlet- Room{id=2, name='Эконом+', capacity=2, price=2000.0}
2024-12-10 17:29:03,047 [http-nio-8080-exec-3] INFO  com.heartoftatarstan.servlets.LoginServlet- Room{id=3, name='Стандарт', capacity=2, price=3000.0}
2024-12-10 17:29:03,047 [http-nio-8080-exec-3] INFO  com.heartoftatarstan.servlets.LoginServlet- Room{id=4, name='Семейный', capacity=4, price=5000.0}
2024-12-10 17:29:03,048 [http-nio-8080-exec-3] INFO  com.heartoftatarstan.servlets.LoginServlet- Room{id=6, name='Апартаменты', capacity=5, price=10000.0}
2024-12-10 17:42:34,945 [RMI TCP Connection(2)-127.0.0.1] DEBUG com.heartoftatarstan.listeners.ContextListener- Context initialized
2024-12-10 17:42:35,513 [http-nio-8080-exec-1] INFO  com.heartoftatarstan.servlets.LoginServlet- Room{id=1, name='Эконом', capacity=1, price=1500.0}
2024-12-10 17:42:35,513 [http-nio-8080-exec-1] INFO  com.heartoftatarstan.servlets.LoginServlet- Room{id=2, name='Эконом+', capacity=2, price=2000.0}
2024-12-10 17:42:35,513 [http-nio-8080-exec-1] INFO  com.heartoftatarstan.servlets.LoginServlet- Room{id=3, name='Стандарт', capacity=2, price=3000.0}
2024-12-10 17:42:35,513 [http-nio-8080-exec-1] INFO  com.heartoftatarstan.servlets.LoginServlet- Room{id=4, name='Семейный', capacity=4, price=5000.0}
2024-12-10 17:42:35,513 [http-nio-8080-exec-1] INFO  com.heartoftatarstan.servlets.LoginServlet- Room{id=6, name='Апартаменты', capacity=5, price=10000.0}
2024-12-10 17:42:36,972 [http-nio-8080-exec-2] INFO  com.heartoftatarstan.servlets.LoginServlet- Room{id=1, name='Эконом', capacity=1, price=1500.0}
2024-12-10 17:42:36,972 [http-nio-8080-exec-2] INFO  com.heartoftatarstan.servlets.LoginServlet- Room{id=2, name='Эконом+', capacity=2, price=2000.0}
2024-12-10 17:42:36,973 [http-nio-8080-exec-2] INFO  com.heartoftatarstan.servlets.LoginServlet- Room{id=3, name='Стандарт', capacity=2, price=3000.0}
2024-12-10 17:42:36,973 [http-nio-8080-exec-2] INFO  com.heartoftatarstan.servlets.LoginServlet- Room{id=4, name='Семейный', capacity=4, price=5000.0}
2024-12-10 17:42:36,973 [http-nio-8080-exec-2] INFO  com.heartoftatarstan.servlets.LoginServlet- Room{id=6, name='Апартаменты', capacity=5, price=10000.0}
2024-12-10 17:42:37,123 [http-nio-8080-exec-3] INFO  com.heartoftatarstan.servlets.LoginServlet- Room{id=1, name='Эконом', capacity=1, price=1500.0}
2024-12-10 17:42:37,123 [http-nio-8080-exec-3] INFO  com.heartoftatarstan.servlets.LoginServlet- Room{id=2, name='Эконом+', capacity=2, price=2000.0}
2024-12-10 17:42:37,124 [http-nio-8080-exec-3] INFO  com.heartoftatarstan.servlets.LoginServlet- Room{id=3, name='Стандарт', capacity=2, price=3000.0}
2024-12-10 17:42:37,124 [http-nio-8080-exec-3] INFO  com.heartoftatarstan.servlets.LoginServlet- Room{id=4, name='Семейный', capacity=4, price=5000.0}
2024-12-10 17:42:37,124 [http-nio-8080-exec-3] INFO  com.heartoftatarstan.servlets.LoginServlet- Room{id=6, name='Апартаменты', capacity=5, price=10000.0}
2024-12-10 17:52:00,324 [RMI TCP Connection(2)-127.0.0.1] DEBUG com.heartoftatarstan.listeners.ContextListener- Context initialized
2024-12-10 17:52:00,912 [http-nio-8080-exec-1] INFO  com.heartoftatarstan.servlets.LoginServlet- Room{id=1, name='Эконом', capacity=1, price=1500.0}
2024-12-10 17:52:00,912 [http-nio-8080-exec-1] INFO  com.heartoftatarstan.servlets.LoginServlet- Room{id=2, name='Эконом+', capacity=2, price=2000.0}
2024-12-10 17:52:00,912 [http-nio-8080-exec-1] INFO  com.heartoftatarstan.servlets.LoginServlet- Room{id=3, name='Стандарт', capacity=2, price=3000.0}
2024-12-10 17:52:00,912 [http-nio-8080-exec-1] INFO  com.heartoftatarstan.servlets.LoginServlet- Room{id=4, name='Семейный', capacity=4, price=5000.0}
2024-12-10 17:52:00,912 [http-nio-8080-exec-1] INFO  com.heartoftatarstan.servlets.LoginServlet- Room{id=6, name='Апартаменты', capacity=5, price=10000.0}
2024-12-10 17:52:02,436 [http-nio-8080-exec-2] INFO  com.heartoftatarstan.servlets.LoginServlet- Room{id=1, name='Эконом', capacity=1, price=1500.0}
2024-12-10 17:52:02,436 [http-nio-8080-exec-2] INFO  com.heartoftatarstan.servlets.LoginServlet- Room{id=2, name='Эконом+', capacity=2, price=2000.0}
2024-12-10 17:52:02,437 [http-nio-8080-exec-2] INFO  com.heartoftatarstan.servlets.LoginServlet- Room{id=3, name='Стандарт', capacity=2, price=3000.0}
2024-12-10 17:52:02,437 [http-nio-8080-exec-2] INFO  com.heartoftatarstan.servlets.LoginServlet- Room{id=4, name='Семейный', capacity=4, price=5000.0}
2024-12-10 17:52:02,437 [http-nio-8080-exec-2] INFO  com.heartoftatarstan.servlets.LoginServlet- Room{id=6, name='Апартаменты', capacity=5, price=10000.0}
2024-12-10 17:52:02,758 [http-nio-8080-exec-3] INFO  com.heartoftatarstan.servlets.LoginServlet- Room{id=1, name='Эконом', capacity=1, price=1500.0}
2024-12-10 17:52:02,759 [http-nio-8080-exec-3] INFO  com.heartoftatarstan.servlets.LoginServlet- Room{id=2, name='Эконом+', capacity=2, price=2000.0}
2024-12-10 17:52:02,759 [http-nio-8080-exec-3] INFO  com.heartoftatarstan.servlets.LoginServlet- Room{id=3, name='Стандарт', capacity=2, price=3000.0}
2024-12-10 17:52:02,759 [http-nio-8080-exec-3] INFO  com.heartoftatarstan.servlets.LoginServlet- Room{id=4, name='Семейный', capacity=4, price=5000.0}
2024-12-10 17:52:02,759 [http-nio-8080-exec-3] INFO  com.heartoftatarstan.servlets.LoginServlet- Room{id=6, name='Апартаменты', capacity=5, price=10000.0}
2024-12-10 17:53:51,694 [RMI TCP Connection(2)-127.0.0.1] DEBUG com.heartoftatarstan.listeners.ContextListener- Context initialized
2024-12-10 17:53:52,155 [http-nio-8080-exec-1] INFO  com.heartoftatarstan.servlets.LoginServlet- Room{id=1, name='Эконом', capacity=1, price=1500.0}
2024-12-10 17:53:52,156 [http-nio-8080-exec-1] INFO  com.heartoftatarstan.servlets.LoginServlet- Room{id=2, name='Эконом+', capacity=2, price=2000.0}
2024-12-10 17:53:52,156 [http-nio-8080-exec-1] INFO  com.heartoftatarstan.servlets.LoginServlet- Room{id=3, name='Стандарт', capacity=2, price=3000.0}
2024-12-10 17:53:52,156 [http-nio-8080-exec-1] INFO  com.heartoftatarstan.servlets.LoginServlet- Room{id=4, name='Семейный', capacity=4, price=5000.0}
2024-12-10 17:53:52,156 [http-nio-8080-exec-1] INFO  com.heartoftatarstan.servlets.LoginServlet- Room{id=6, name='Апартаменты', capacity=5, price=10000.0}
2024-12-10 17:53:53,592 [http-nio-8080-exec-2] INFO  com.heartoftatarstan.servlets.LoginServlet- Room{id=1, name='Эконом', capacity=1, price=1500.0}
2024-12-10 17:53:53,592 [http-nio-8080-exec-2] INFO  com.heartoftatarstan.servlets.LoginServlet- Room{id=2, name='Эконом+', capacity=2, price=2000.0}
2024-12-10 17:53:53,592 [http-nio-8080-exec-2] INFO  com.heartoftatarstan.servlets.LoginServlet- Room{id=3, name='Стандарт', capacity=2, price=3000.0}
2024-12-10 17:53:53,592 [http-nio-8080-exec-2] INFO  com.heartoftatarstan.servlets.LoginServlet- Room{id=4, name='Семейный', capacity=4, price=5000.0}
2024-12-10 17:53:53,592 [http-nio-8080-exec-2] INFO  com.heartoftatarstan.servlets.LoginServlet- Room{id=6, name='Апартаменты', capacity=5, price=10000.0}
2024-12-10 17:53:53,713 [http-nio-8080-exec-3] INFO  com.heartoftatarstan.servlets.LoginServlet- Room{id=1, name='Эконом', capacity=1, price=1500.0}
2024-12-10 17:53:53,713 [http-nio-8080-exec-3] INFO  com.heartoftatarstan.servlets.LoginServlet- Room{id=2, name='Эконом+', capacity=2, price=2000.0}
2024-12-10 17:53:53,713 [http-nio-8080-exec-3] INFO  com.heartoftatarstan.servlets.LoginServlet- Room{id=3, name='Стандарт', capacity=2, price=3000.0}
2024-12-10 17:53:53,713 [http-nio-8080-exec-3] INFO  com.heartoftatarstan.servlets.LoginServlet- Room{id=4, name='Семейный', capacity=4, price=5000.0}
2024-12-10 17:53:53,713 [http-nio-8080-exec-3] INFO  com.heartoftatarstan.servlets.LoginServlet- Room{id=6, name='Апартаменты', capacity=5, price=10000.0}
2024-12-10 18:18:32,331 [RMI TCP Connection(2)-127.0.0.1] DEBUG com.heartoftatarstan.listeners.ContextListener- Context initialized
2024-12-10 18:18:32,600 [http-nio-8080-exec-1] INFO  com.heartoftatarstan.servlets.LoginServlet- Room{id=1, name='Эконом', capacity=1, price=1500.0}
2024-12-10 18:18:32,600 [http-nio-8080-exec-1] INFO  com.heartoftatarstan.servlets.LoginServlet- Room{id=2, name='Эконом+', capacity=2, price=2000.0}
2024-12-10 18:18:32,600 [http-nio-8080-exec-1] INFO  com.heartoftatarstan.servlets.LoginServlet- Room{id=3, name='Стандарт', capacity=2, price=3000.0}
2024-12-10 18:18:32,600 [http-nio-8080-exec-1] INFO  com.heartoftatarstan.servlets.LoginServlet- Room{id=4, name='Семейный', capacity=4, price=5000.0}
2024-12-10 18:18:32,601 [http-nio-8080-exec-1] INFO  com.heartoftatarstan.servlets.LoginServlet- Room{id=6, name='Апартаменты', capacity=5, price=10000.0}
2024-12-10 18:18:34,064 [http-nio-8080-exec-2] INFO  com.heartoftatarstan.servlets.LoginServlet- Room{id=1, name='Эконом', capacity=1, price=1500.0}
2024-12-10 18:18:34,065 [http-nio-8080-exec-2] INFO  com.heartoftatarstan.servlets.LoginServlet- Room{id=2, name='Эконом+', capacity=2, price=2000.0}
2024-12-10 18:18:34,065 [http-nio-8080-exec-2] INFO  com.heartoftatarstan.servlets.LoginServlet- Room{id=3, name='Стандарт', capacity=2, price=3000.0}
2024-12-10 18:18:34,065 [http-nio-8080-exec-2] INFO  com.heartoftatarstan.servlets.LoginServlet- Room{id=4, name='Семейный', capacity=4, price=5000.0}
2024-12-10 18:18:34,065 [http-nio-8080-exec-2] INFO  com.heartoftatarstan.servlets.LoginServlet- Room{id=6, name='Апартаменты', capacity=5, price=10000.0}
2024-12-10 18:18:34,213 [http-nio-8080-exec-3] INFO  com.heartoftatarstan.servlets.LoginServlet- Room{id=1, name='Эконом', capacity=1, price=1500.0}
2024-12-10 18:18:34,213 [http-nio-8080-exec-3] INFO  com.heartoftatarstan.servlets.LoginServlet- Room{id=2, name='Эконом+', capacity=2, price=2000.0}
2024-12-10 18:18:34,213 [http-nio-8080-exec-3] INFO  com.heartoftatarstan.servlets.LoginServlet- Room{id=3, name='Стандарт', capacity=2, price=3000.0}
2024-12-10 18:18:34,213 [http-nio-8080-exec-3] INFO  com.heartoftatarstan.servlets.LoginServlet- Room{id=4, name='Семейный', capacity=4, price=5000.0}
2024-12-10 18:18:34,214 [http-nio-8080-exec-3] INFO  com.heartoftatarstan.servlets.LoginServlet- Room{id=6, name='Апартаменты', capacity=5, price=10000.0}
2024-12-10 22:09:16,824 [RMI TCP Connection(2)-127.0.0.1] DEBUG com.heartoftatarstan.listeners.ContextListener- Context initialized
2024-12-10 22:09:17,279 [http-nio-8080-exec-1] INFO  com.heartoftatarstan.servlets.LoginServlet- Room{id=1, name='Эконом', capacity=1, price=1500.0}
2024-12-10 22:09:17,279 [http-nio-8080-exec-1] INFO  com.heartoftatarstan.servlets.LoginServlet- Room{id=2, name='Эконом+', capacity=2, price=2000.0}
2024-12-10 22:09:17,279 [http-nio-8080-exec-1] INFO  com.heartoftatarstan.servlets.LoginServlet- Room{id=3, name='Стандарт', capacity=2, price=3000.0}
2024-12-10 22:09:17,279 [http-nio-8080-exec-1] INFO  com.heartoftatarstan.servlets.LoginServlet- Room{id=4, name='Семейный', capacity=4, price=5000.0}
2024-12-10 22:09:17,279 [http-nio-8080-exec-1] INFO  com.heartoftatarstan.servlets.LoginServlet- Room{id=6, name='Апартаменты', capacity=5, price=10000.0}
2024-12-10 22:09:18,820 [http-nio-8080-exec-2] INFO  com.heartoftatarstan.servlets.LoginServlet- Room{id=1, name='Эконом', capacity=1, price=1500.0}
2024-12-10 22:09:18,820 [http-nio-8080-exec-2] INFO  com.heartoftatarstan.servlets.LoginServlet- Room{id=2, name='Эконом+', capacity=2, price=2000.0}
2024-12-10 22:09:18,820 [http-nio-8080-exec-2] INFO  com.heartoftatarstan.servlets.LoginServlet- Room{id=3, name='Стандарт', capacity=2, price=3000.0}
2024-12-10 22:09:18,821 [http-nio-8080-exec-2] INFO  com.heartoftatarstan.servlets.LoginServlet- Room{id=4, name='Семейный', capacity=4, price=5000.0}
2024-12-10 22:09:18,821 [http-nio-8080-exec-2] INFO  com.heartoftatarstan.servlets.LoginServlet- Room{id=6, name='Апартаменты', capacity=5, price=10000.0}
2024-12-10 22:09:19,180 [http-nio-8080-exec-3] INFO  com.heartoftatarstan.servlets.LoginServlet- Room{id=1, name='Эконом', capacity=1, price=1500.0}
2024-12-10 22:09:19,180 [http-nio-8080-exec-3] INFO  com.heartoftatarstan.servlets.LoginServlet- Room{id=2, name='Эконом+', capacity=2, price=2000.0}
2024-12-10 22:09:19,180 [http-nio-8080-exec-3] INFO  com.heartoftatarstan.servlets.LoginServlet- Room{id=3, name='Стандарт', capacity=2, price=3000.0}
2024-12-10 22:09:19,180 [http-nio-8080-exec-3] INFO  com.heartoftatarstan.servlets.LoginServlet- Room{id=4, name='Семейный', capacity=4, price=5000.0}
2024-12-10 22:09:19,181 [http-nio-8080-exec-3] INFO  com.heartoftatarstan.servlets.LoginServlet- Room{id=6, name='Апартаменты', capacity=5, price=10000.0}
2024-12-10 22:21:31,159 [RMI TCP Connection(2)-127.0.0.1] DEBUG com.heartoftatarstan.listeners.ContextListener- Context initialized
2024-12-10 22:21:31,676 [http-nio-8080-exec-1] INFO  com.heartoftatarstan.servlets.LoginServlet- Room{id=1, name='Эконом', capacity=1, price=1500.0}
2024-12-10 22:21:31,677 [http-nio-8080-exec-1] INFO  com.heartoftatarstan.servlets.LoginServlet- Room{id=2, name='Эконом+', capacity=2, price=2000.0}
2024-12-10 22:21:31,677 [http-nio-8080-exec-1] INFO  com.heartoftatarstan.servlets.LoginServlet- Room{id=3, name='Стандарт', capacity=2, price=3000.0}
2024-12-10 22:21:31,677 [http-nio-8080-exec-1] INFO  com.heartoftatarstan.servlets.LoginServlet- Room{id=4, name='Семейный', capacity=4, price=5000.0}
2024-12-10 22:21:31,677 [http-nio-8080-exec-1] INFO  com.heartoftatarstan.servlets.LoginServlet- Room{id=6, name='Апартаменты', capacity=5, price=10000.0}
2024-12-10 22:21:32,883 [http-nio-8080-exec-2] INFO  com.heartoftatarstan.servlets.LoginServlet- Room{id=1, name='Эконом', capacity=1, price=1500.0}
2024-12-10 22:21:32,883 [http-nio-8080-exec-2] INFO  com.heartoftatarstan.servlets.LoginServlet- Room{id=2, name='Эконом+', capacity=2, price=2000.0}
2024-12-10 22:21:32,883 [http-nio-8080-exec-2] INFO  com.heartoftatarstan.servlets.LoginServlet- Room{id=3, name='Стандарт', capacity=2, price=3000.0}
2024-12-10 22:21:32,883 [http-nio-8080-exec-2] INFO  com.heartoftatarstan.servlets.LoginServlet- Room{id=4, name='Семейный', capacity=4, price=5000.0}
2024-12-10 22:21:32,883 [http-nio-8080-exec-2] INFO  com.heartoftatarstan.servlets.LoginServlet- Room{id=6, name='Апартаменты', capacity=5, price=10000.0}
2024-12-10 22:21:33,066 [http-nio-8080-exec-3] INFO  com.heartoftatarstan.servlets.LoginServlet- Room{id=1, name='Эконом', capacity=1, price=1500.0}
2024-12-10 22:21:33,067 [http-nio-8080-exec-3] INFO  com.heartoftatarstan.servlets.LoginServlet- Room{id=2, name='Эконом+', capacity=2, price=2000.0}
2024-12-10 22:21:33,067 [http-nio-8080-exec-3] INFO  com.heartoftatarstan.servlets.LoginServlet- Room{id=3, name='Стандарт', capacity=2, price=3000.0}
2024-12-10 22:21:33,067 [http-nio-8080-exec-3] INFO  com.heartoftatarstan.servlets.LoginServlet- Room{id=4, name='Семейный', capacity=4, price=5000.0}
2024-12-10 22:21:33,067 [http-nio-8080-exec-3] INFO  com.heartoftatarstan.servlets.LoginServlet- Room{id=6, name='Апартаменты', capacity=5, price=10000.0}
2024-12-10 22:23:57,017 [RMI TCP Connection(2)-127.0.0.1] DEBUG com.heartoftatarstan.listeners.ContextListener- Context initialized
2024-12-10 22:23:57,224 [http-nio-8080-exec-2] INFO  com.heartoftatarstan.servlets.LoginServlet- Room{id=1, name='Эконом', capacity=1, price=1500.0}
2024-12-10 22:23:57,225 [http-nio-8080-exec-2] INFO  com.heartoftatarstan.servlets.LoginServlet- Room{id=2, name='Эконом+', capacity=2, price=2000.0}
2024-12-10 22:23:57,225 [http-nio-8080-exec-2] INFO  com.heartoftatarstan.servlets.LoginServlet- Room{id=3, name='Стандарт', capacity=2, price=3000.0}
2024-12-10 22:23:57,225 [http-nio-8080-exec-2] INFO  com.heartoftatarstan.servlets.LoginServlet- Room{id=4, name='Семейный', capacity=4, price=5000.0}
2024-12-10 22:23:57,225 [http-nio-8080-exec-2] INFO  com.heartoftatarstan.servlets.LoginServlet- Room{id=6, name='Апартаменты', capacity=5, price=10000.0}
2024-12-10 22:23:58,619 [http-nio-8080-exec-1] INFO  com.heartoftatarstan.servlets.LoginServlet- Room{id=1, name='Эконом', capacity=1, price=1500.0}
2024-12-10 22:23:58,619 [http-nio-8080-exec-1] INFO  com.heartoftatarstan.servlets.LoginServlet- Room{id=2, name='Эконом+', capacity=2, price=2000.0}
2024-12-10 22:23:58,619 [http-nio-8080-exec-1] INFO  com.heartoftatarstan.servlets.LoginServlet- Room{id=3, name='Стандарт', capacity=2, price=3000.0}
2024-12-10 22:23:58,619 [http-nio-8080-exec-1] INFO  com.heartoftatarstan.servlets.LoginServlet- Room{id=4, name='Семейный', capacity=4, price=5000.0}
2024-12-10 22:23:58,619 [http-nio-8080-exec-1] INFO  com.heartoftatarstan.servlets.LoginServlet- Room{id=6, name='Апартаменты', capacity=5, price=10000.0}
2024-12-10 22:23:58,736 [http-nio-8080-exec-3] INFO  com.heartoftatarstan.servlets.LoginServlet- Room{id=1, name='Эконом', capacity=1, price=1500.0}
2024-12-10 22:23:58,736 [http-nio-8080-exec-3] INFO  com.heartoftatarstan.servlets.LoginServlet- Room{id=2, name='Эконом+', capacity=2, price=2000.0}
2024-12-10 22:23:58,737 [http-nio-8080-exec-3] INFO  com.heartoftatarstan.servlets.LoginServlet- Room{id=3, name='Стандарт', capacity=2, price=3000.0}
2024-12-10 22:23:58,737 [http-nio-8080-exec-3] INFO  com.heartoftatarstan.servlets.LoginServlet- Room{id=4, name='Семейный', capacity=4, price=5000.0}
2024-12-10 22:23:58,737 [http-nio-8080-exec-3] INFO  com.heartoftatarstan.servlets.LoginServlet- Room{id=6, name='Апартаменты', capacity=5, price=10000.0}
2024-12-10 22:28:55,368 [RMI TCP Connection(2)-127.0.0.1] DEBUG com.heartoftatarstan.listeners.ContextListener- Context initialized
2024-12-10 22:28:56,039 [http-nio-8080-exec-1] INFO  com.heartoftatarstan.servlets.LoginServlet- Room{id=1, name='Эконом', capacity=1, price=1500.0}
2024-12-10 22:28:56,039 [http-nio-8080-exec-1] INFO  com.heartoftatarstan.servlets.LoginServlet- Room{id=2, name='Эконом+', capacity=2, price=2000.0}
2024-12-10 22:28:56,039 [http-nio-8080-exec-1] INFO  com.heartoftatarstan.servlets.LoginServlet- Room{id=3, name='Стандарт', capacity=2, price=3000.0}
2024-12-10 22:28:56,039 [http-nio-8080-exec-1] INFO  com.heartoftatarstan.servlets.LoginServlet- Room{id=4, name='Семейный', capacity=4, price=5000.0}
2024-12-10 22:28:56,039 [http-nio-8080-exec-1] INFO  com.heartoftatarstan.servlets.LoginServlet- Room{id=6, name='Апартаменты', capacity=5, price=10000.0}
2024-12-10 22:28:57,359 [http-nio-8080-exec-2] INFO  com.heartoftatarstan.servlets.LoginServlet- Room{id=1, name='Эконом', capacity=1, price=1500.0}
2024-12-10 22:28:57,360 [http-nio-8080-exec-2] INFO  com.heartoftatarstan.servlets.LoginServlet- Room{id=2, name='Эконом+', capacity=2, price=2000.0}
2024-12-10 22:28:57,360 [http-nio-8080-exec-2] INFO  com.heartoftatarstan.servlets.LoginServlet- Room{id=3, name='Стандарт', capacity=2, price=3000.0}
2024-12-10 22:28:57,360 [http-nio-8080-exec-2] INFO  com.heartoftatarstan.servlets.LoginServlet- Room{id=4, name='Семейный', capacity=4, price=5000.0}
2024-12-10 22:28:57,360 [http-nio-8080-exec-2] INFO  com.heartoftatarstan.servlets.LoginServlet- Room{id=6, name='Апартаменты', capacity=5, price=10000.0}
2024-12-10 22:28:57,485 [http-nio-8080-exec-3] INFO  com.heartoftatarstan.servlets.LoginServlet- Room{id=1, name='Эконом', capacity=1, price=1500.0}
2024-12-10 22:28:57,485 [http-nio-8080-exec-3] INFO  com.heartoftatarstan.servlets.LoginServlet- Room{id=2, name='Эконом+', capacity=2, price=2000.0}
2024-12-10 22:28:57,485 [http-nio-8080-exec-3] INFO  com.heartoftatarstan.servlets.LoginServlet- Room{id=3, name='Стандарт', capacity=2, price=3000.0}
2024-12-10 22:28:57,486 [http-nio-8080-exec-3] INFO  com.heartoftatarstan.servlets.LoginServlet- Room{id=4, name='Семейный', capacity=4, price=5000.0}
2024-12-10 22:28:57,486 [http-nio-8080-exec-3] INFO  com.heartoftatarstan.servlets.LoginServlet- Room{id=6, name='Апартаменты', capacity=5, price=10000.0}
2024-12-10 22:29:52,582 [RMI TCP Connection(2)-127.0.0.1] DEBUG com.heartoftatarstan.listeners.ContextListener- Context initialized
2024-12-10 22:29:53,227 [http-nio-8080-exec-1] INFO  com.heartoftatarstan.servlets.LoginServlet- Room{id=1, name='Эконом', capacity=1, price=1500.0}
2024-12-10 22:29:53,228 [http-nio-8080-exec-1] INFO  com.heartoftatarstan.servlets.LoginServlet- Room{id=2, name='Эконом+', capacity=2, price=2000.0}
2024-12-10 22:29:53,228 [http-nio-8080-exec-1] INFO  com.heartoftatarstan.servlets.LoginServlet- Room{id=3, name='Стандарт', capacity=2, price=3000.0}
2024-12-10 22:29:53,228 [http-nio-8080-exec-1] INFO  com.heartoftatarstan.servlets.LoginServlet- Room{id=4, name='Семейный', capacity=4, price=5000.0}
2024-12-10 22:29:53,228 [http-nio-8080-exec-1] INFO  com.heartoftatarstan.servlets.LoginServlet- Room{id=6, name='Апартаменты', capacity=5, price=10000.0}
2024-12-10 22:29:54,562 [http-nio-8080-exec-1] INFO  com.heartoftatarstan.servlets.LoginServlet- Room{id=1, name='Эконом', capacity=1, price=1500.0}
2024-12-10 22:29:54,562 [http-nio-8080-exec-1] INFO  com.heartoftatarstan.servlets.LoginServlet- Room{id=2, name='Эконом+', capacity=2, price=2000.0}
2024-12-10 22:29:54,562 [http-nio-8080-exec-1] INFO  com.heartoftatarstan.servlets.LoginServlet- Room{id=3, name='Стандарт', capacity=2, price=3000.0}
2024-12-10 22:29:54,563 [http-nio-8080-exec-1] INFO  com.heartoftatarstan.servlets.LoginServlet- Room{id=4, name='Семейный', capacity=4, price=5000.0}
2024-12-10 22:29:54,563 [http-nio-8080-exec-1] INFO  com.heartoftatarstan.servlets.LoginServlet- Room{id=6, name='Апартаменты', capacity=5, price=10000.0}
2024-12-10 22:29:54,683 [http-nio-8080-exec-3] INFO  com.heartoftatarstan.servlets.LoginServlet- Room{id=1, name='Эконом', capacity=1, price=1500.0}
2024-12-10 22:29:54,684 [http-nio-8080-exec-3] INFO  com.heartoftatarstan.servlets.LoginServlet- Room{id=2, name='Эконом+', capacity=2, price=2000.0}
2024-12-10 22:29:54,684 [http-nio-8080-exec-3] INFO  com.heartoftatarstan.servlets.LoginServlet- Room{id=3, name='Стандарт', capacity=2, price=3000.0}
2024-12-10 22:29:54,684 [http-nio-8080-exec-3] INFO  com.heartoftatarstan.servlets.LoginServlet- Room{id=4, name='Семейный', capacity=4, price=5000.0}
2024-12-10 22:29:54,684 [http-nio-8080-exec-3] INFO  com.heartoftatarstan.servlets.LoginServlet- Room{id=6, name='Апартаменты', capacity=5, price=10000.0}
2024-12-10 22:31:26,476 [RMI TCP Connection(2)-127.0.0.1] DEBUG com.heartoftatarstan.listeners.ContextListener- Context initialized
2024-12-10 22:31:26,814 [http-nio-8080-exec-1] INFO  com.heartoftatarstan.servlets.LoginServlet- Room{id=1, name='Эконом', capacity=1, price=1500.0}
2024-12-10 22:31:26,814 [http-nio-8080-exec-1] INFO  com.heartoftatarstan.servlets.LoginServlet- Room{id=2, name='Эконом+', capacity=2, price=2000.0}
2024-12-10 22:31:26,814 [http-nio-8080-exec-1] INFO  com.heartoftatarstan.servlets.LoginServlet- Room{id=3, name='Стандарт', capacity=2, price=3000.0}
2024-12-10 22:31:26,814 [http-nio-8080-exec-1] INFO  com.heartoftatarstan.servlets.LoginServlet- Room{id=4, name='Семейный', capacity=4, price=5000.0}
2024-12-10 22:31:26,815 [http-nio-8080-exec-1] INFO  com.heartoftatarstan.servlets.LoginServlet- Room{id=6, name='Апартаменты', capacity=5, price=10000.0}
2024-12-10 22:31:28,148 [http-nio-8080-exec-2] INFO  com.heartoftatarstan.servlets.LoginServlet- Room{id=1, name='Эконом', capacity=1, price=1500.0}
2024-12-10 22:31:28,149 [http-nio-8080-exec-2] INFO  com.heartoftatarstan.servlets.LoginServlet- Room{id=2, name='Эконом+', capacity=2, price=2000.0}
2024-12-10 22:31:28,149 [http-nio-8080-exec-2] INFO  com.heartoftatarstan.servlets.LoginServlet- Room{id=3, name='Стандарт', capacity=2, price=3000.0}
2024-12-10 22:31:28,149 [http-nio-8080-exec-2] INFO  com.heartoftatarstan.servlets.LoginServlet- Room{id=4, name='Семейный', capacity=4, price=5000.0}
2024-12-10 22:31:28,149 [http-nio-8080-exec-2] INFO  com.heartoftatarstan.servlets.LoginServlet- Room{id=6, name='Апартаменты', capacity=5, price=10000.0}
2024-12-10 22:31:28,265 [http-nio-8080-exec-3] INFO  com.heartoftatarstan.servlets.LoginServlet- Room{id=1, name='Эконом', capacity=1, price=1500.0}
2024-12-10 22:31:28,266 [http-nio-8080-exec-3] INFO  com.heartoftatarstan.servlets.LoginServlet- Room{id=2, name='Эконом+', capacity=2, price=2000.0}
2024-12-10 22:31:28,266 [http-nio-8080-exec-3] INFO  com.heartoftatarstan.servlets.LoginServlet- Room{id=3, name='Стандарт', capacity=2, price=3000.0}
2024-12-10 22:31:28,266 [http-nio-8080-exec-3] INFO  com.heartoftatarstan.servlets.LoginServlet- Room{id=4, name='Семейный', capacity=4, price=5000.0}
2024-12-10 22:31:28,266 [http-nio-8080-exec-3] INFO  com.heartoftatarstan.servlets.LoginServlet- Room{id=6, name='Апартаменты', capacity=5, price=10000.0}
2024-12-10 22:35:16,268 [RMI TCP Connection(2)-127.0.0.1] DEBUG com.heartoftatarstan.listeners.ContextListener- Context initialized
2024-12-10 22:35:16,599 [http-nio-8080-exec-2] INFO  com.heartoftatarstan.servlets.LoginServlet- Room{id=1, name='Эконом', capacity=1, price=1500.0}
2024-12-10 22:35:16,600 [http-nio-8080-exec-2] INFO  com.heartoftatarstan.servlets.LoginServlet- Room{id=2, name='Эконом+', capacity=2, price=2000.0}
2024-12-10 22:35:16,600 [http-nio-8080-exec-2] INFO  com.heartoftatarstan.servlets.LoginServlet- Room{id=3, name='Стандарт', capacity=2, price=3000.0}
2024-12-10 22:35:16,600 [http-nio-8080-exec-2] INFO  com.heartoftatarstan.servlets.LoginServlet- Room{id=4, name='Семейный', capacity=4, price=5000.0}
2024-12-10 22:35:16,600 [http-nio-8080-exec-2] INFO  com.heartoftatarstan.servlets.LoginServlet- Room{id=6, name='Апартаменты', capacity=5, price=10000.0}
2024-12-10 22:35:18,091 [http-nio-8080-exec-2] INFO  com.heartoftatarstan.servlets.LoginServlet- Room{id=1, name='Эконом', capacity=1, price=1500.0}
2024-12-10 22:35:18,091 [http-nio-8080-exec-2] INFO  com.heartoftatarstan.servlets.LoginServlet- Room{id=2, name='Эконом+', capacity=2, price=2000.0}
2024-12-10 22:35:18,092 [http-nio-8080-exec-2] INFO  com.heartoftatarstan.servlets.LoginServlet- Room{id=3, name='Стандарт', capacity=2, price=3000.0}
2024-12-10 22:35:18,093 [http-nio-8080-exec-2] INFO  com.heartoftatarstan.servlets.LoginServlet- Room{id=4, name='Семейный', capacity=4, price=5000.0}
2024-12-10 22:35:18,093 [http-nio-8080-exec-2] INFO  com.heartoftatarstan.servlets.LoginServlet- Room{id=6, name='Апартаменты', capacity=5, price=10000.0}
2024-12-10 22:35:18,401 [http-nio-8080-exec-3] INFO  com.heartoftatarstan.servlets.LoginServlet- Room{id=1, name='Эконом', capacity=1, price=1500.0}
2024-12-10 22:35:18,401 [http-nio-8080-exec-3] INFO  com.heartoftatarstan.servlets.LoginServlet- Room{id=2, name='Эконом+', capacity=2, price=2000.0}
2024-12-10 22:35:18,401 [http-nio-8080-exec-3] INFO  com.heartoftatarstan.servlets.LoginServlet- Room{id=3, name='Стандарт', capacity=2, price=3000.0}
2024-12-10 22:35:18,401 [http-nio-8080-exec-3] INFO  com.heartoftatarstan.servlets.LoginServlet- Room{id=4, name='Семейный', capacity=4, price=5000.0}
2024-12-10 22:35:18,401 [http-nio-8080-exec-3] INFO  com.heartoftatarstan.servlets.LoginServlet- Room{id=6, name='Апартаменты', capacity=5, price=10000.0}
2024-12-10 22:36:43,210 [RMI TCP Connection(2)-127.0.0.1] DEBUG com.heartoftatarstan.listeners.ContextListener- Context initialized
2024-12-10 22:36:43,641 [http-nio-8080-exec-2] INFO  com.heartoftatarstan.servlets.LoginServlet- Room{id=1, name='Эконом', capacity=1, price=1500.0}
2024-12-10 22:36:43,642 [http-nio-8080-exec-2] INFO  com.heartoftatarstan.servlets.LoginServlet- Room{id=2, name='Эконом+', capacity=2, price=2000.0}
2024-12-10 22:36:43,642 [http-nio-8080-exec-2] INFO  com.heartoftatarstan.servlets.LoginServlet- Room{id=3, name='Стандарт', capacity=2, price=3000.0}
2024-12-10 22:36:43,642 [http-nio-8080-exec-2] INFO  com.heartoftatarstan.servlets.LoginServlet- Room{id=4, name='Семейный', capacity=4, price=5000.0}
2024-12-10 22:36:43,642 [http-nio-8080-exec-2] INFO  com.heartoftatarstan.servlets.LoginServlet- Room{id=6, name='Апартаменты', capacity=5, price=10000.0}
2024-12-10 22:36:45,033 [http-nio-8080-exec-1] INFO  com.heartoftatarstan.servlets.LoginServlet- Room{id=1, name='Эконом', capacity=1, price=1500.0}
2024-12-10 22:36:45,034 [http-nio-8080-exec-1] INFO  com.heartoftatarstan.servlets.LoginServlet- Room{id=2, name='Эконом+', capacity=2, price=2000.0}
2024-12-10 22:36:45,034 [http-nio-8080-exec-1] INFO  com.heartoftatarstan.servlets.LoginServlet- Room{id=3, name='Стандарт', capacity=2, price=3000.0}
2024-12-10 22:36:45,034 [http-nio-8080-exec-1] INFO  com.heartoftatarstan.servlets.LoginServlet- Room{id=4, name='Семейный', capacity=4, price=5000.0}
2024-12-10 22:36:45,034 [http-nio-8080-exec-1] INFO  com.heartoftatarstan.servlets.LoginServlet- Room{id=6, name='Апартаменты', capacity=5, price=10000.0}
2024-12-10 22:36:45,181 [http-nio-8080-exec-3] INFO  com.heartoftatarstan.servlets.LoginServlet- Room{id=1, name='Эконом', capacity=1, price=1500.0}
2024-12-10 22:36:45,181 [http-nio-8080-exec-3] INFO  com.heartoftatarstan.servlets.LoginServlet- Room{id=2, name='Эконом+', capacity=2, price=2000.0}
2024-12-10 22:36:45,181 [http-nio-8080-exec-3] INFO  com.heartoftatarstan.servlets.LoginServlet- Room{id=3, name='Стандарт', capacity=2, price=3000.0}
2024-12-10 22:36:45,182 [http-nio-8080-exec-3] INFO  com.heartoftatarstan.servlets.LoginServlet- Room{id=4, name='Семейный', capacity=4, price=5000.0}
2024-12-10 22:36:45,182 [http-nio-8080-exec-3] INFO  com.heartoftatarstan.servlets.LoginServlet- Room{id=6, name='Апартаменты', capacity=5, price=10000.0}
2024-12-10 22:37:06,615 [RMI TCP Connection(2)-127.0.0.1] DEBUG com.heartoftatarstan.listeners.ContextListener- Context initialized
2024-12-10 22:37:06,838 [http-nio-8080-exec-3] INFO  com.heartoftatarstan.servlets.LoginServlet- Room{id=1, name='Эконом', capacity=1, price=1500.0}
2024-12-10 22:37:06,838 [http-nio-8080-exec-3] INFO  com.heartoftatarstan.servlets.LoginServlet- Room{id=2, name='Эконом+', capacity=2, price=2000.0}
2024-12-10 22:37:06,838 [http-nio-8080-exec-3] INFO  com.heartoftatarstan.servlets.LoginServlet- Room{id=3, name='Стандарт', capacity=2, price=3000.0}
2024-12-10 22:37:06,838 [http-nio-8080-exec-3] INFO  com.heartoftatarstan.servlets.LoginServlet- Room{id=4, name='Семейный', capacity=4, price=5000.0}
2024-12-10 22:37:06,838 [http-nio-8080-exec-3] INFO  com.heartoftatarstan.servlets.LoginServlet- Room{id=6, name='Апартаменты', capacity=5, price=10000.0}
2024-12-10 22:37:08,176 [http-nio-8080-exec-2] INFO  com.heartoftatarstan.servlets.LoginServlet- Room{id=1, name='Эконом', capacity=1, price=1500.0}
2024-12-10 22:37:08,176 [http-nio-8080-exec-2] INFO  com.heartoftatarstan.servlets.LoginServlet- Room{id=2, name='Эконом+', capacity=2, price=2000.0}
2024-12-10 22:37:08,178 [http-nio-8080-exec-2] INFO  com.heartoftatarstan.servlets.LoginServlet- Room{id=3, name='Стандарт', capacity=2, price=3000.0}
2024-12-10 22:37:08,178 [http-nio-8080-exec-2] INFO  com.heartoftatarstan.servlets.LoginServlet- Room{id=4, name='Семейный', capacity=4, price=5000.0}
2024-12-10 22:37:08,178 [http-nio-8080-exec-2] INFO  com.heartoftatarstan.servlets.LoginServlet- Room{id=6, name='Апартаменты', capacity=5, price=10000.0}
2024-12-10 22:37:08,320 [http-nio-8080-exec-1] INFO  com.heartoftatarstan.servlets.LoginServlet- Room{id=1, name='Эконом', capacity=1, price=1500.0}
2024-12-10 22:37:08,320 [http-nio-8080-exec-1] INFO  com.heartoftatarstan.servlets.LoginServlet- Room{id=2, name='Эконом+', capacity=2, price=2000.0}
2024-12-10 22:37:08,321 [http-nio-8080-exec-1] INFO  com.heartoftatarstan.servlets.LoginServlet- Room{id=3, name='Стандарт', capacity=2, price=3000.0}
2024-12-10 22:37:08,321 [http-nio-8080-exec-1] INFO  com.heartoftatarstan.servlets.LoginServlet- Room{id=4, name='Семейный', capacity=4, price=5000.0}
2024-12-10 22:37:08,321 [http-nio-8080-exec-1] INFO  com.heartoftatarstan.servlets.LoginServlet- Room{id=6, name='Апартаменты', capacity=5, price=10000.0}
2024-12-10 22:38:11,150 [RMI TCP Connection(2)-127.0.0.1] DEBUG com.heartoftatarstan.listeners.ContextListener- Context initialized
2024-12-10 22:38:11,686 [http-nio-8080-exec-2] INFO  com.heartoftatarstan.servlets.LoginServlet- Room{id=1, name='Эконом', capacity=1, price=1500.0}
2024-12-10 22:38:11,686 [http-nio-8080-exec-2] INFO  com.heartoftatarstan.servlets.LoginServlet- Room{id=2, name='Эконом+', capacity=2, price=2000.0}
2024-12-10 22:38:11,686 [http-nio-8080-exec-2] INFO  com.heartoftatarstan.servlets.LoginServlet- Room{id=3, name='Стандарт', capacity=2, price=3000.0}
2024-12-10 22:38:11,686 [http-nio-8080-exec-2] INFO  com.heartoftatarstan.servlets.LoginServlet- Room{id=4, name='Семейный', capacity=4, price=5000.0}
2024-12-10 22:38:11,686 [http-nio-8080-exec-2] INFO  com.heartoftatarstan.servlets.LoginServlet- Room{id=6, name='Апартаменты', capacity=5, price=10000.0}
2024-12-10 22:38:13,078 [http-nio-8080-exec-1] INFO  com.heartoftatarstan.servlets.LoginServlet- Room{id=1, name='Эконом', capacity=1, price=1500.0}
2024-12-10 22:38:13,078 [http-nio-8080-exec-1] INFO  com.heartoftatarstan.servlets.LoginServlet- Room{id=2, name='Эконом+', capacity=2, price=2000.0}
2024-12-10 22:38:13,079 [http-nio-8080-exec-1] INFO  com.heartoftatarstan.servlets.LoginServlet- Room{id=3, name='Стандарт', capacity=2, price=3000.0}
2024-12-10 22:38:13,079 [http-nio-8080-exec-1] INFO  com.heartoftatarstan.servlets.LoginServlet- Room{id=4, name='Семейный', capacity=4, price=5000.0}
2024-12-10 22:38:13,079 [http-nio-8080-exec-1] INFO  com.heartoftatarstan.servlets.LoginServlet- Room{id=6, name='Апартаменты', capacity=5, price=10000.0}
2024-12-10 22:38:13,201 [http-nio-8080-exec-3] INFO  com.heartoftatarstan.servlets.LoginServlet- Room{id=1, name='Эконом', capacity=1, price=1500.0}
2024-12-10 22:38:13,201 [http-nio-8080-exec-3] INFO  com.heartoftatarstan.servlets.LoginServlet- Room{id=2, name='Эконом+', capacity=2, price=2000.0}
2024-12-10 22:38:13,201 [http-nio-8080-exec-3] INFO  com.heartoftatarstan.servlets.LoginServlet- Room{id=3, name='Стандарт', capacity=2, price=3000.0}
2024-12-10 22:38:13,201 [http-nio-8080-exec-3] INFO  com.heartoftatarstan.servlets.LoginServlet- Room{id=4, name='Семейный', capacity=4, price=5000.0}
2024-12-10 22:38:13,202 [http-nio-8080-exec-3] INFO  com.heartoftatarstan.servlets.LoginServlet- Room{id=6, name='Апартаменты', capacity=5, price=10000.0}
2024-12-10 22:38:46,547 [RMI TCP Connection(2)-127.0.0.1] DEBUG com.heartoftatarstan.listeners.ContextListener- Context initialized
2024-12-10 22:38:46,817 [http-nio-8080-exec-1] INFO  com.heartoftatarstan.servlets.LoginServlet- Room{id=1, name='Эконом', capacity=1, price=1500.0}
2024-12-10 22:38:46,817 [http-nio-8080-exec-1] INFO  com.heartoftatarstan.servlets.LoginServlet- Room{id=2, name='Эконом+', capacity=2, price=2000.0}
2024-12-10 22:38:46,817 [http-nio-8080-exec-1] INFO  com.heartoftatarstan.servlets.LoginServlet- Room{id=3, name='Стандарт', capacity=2, price=3000.0}
2024-12-10 22:38:46,817 [http-nio-8080-exec-1] INFO  com.heartoftatarstan.servlets.LoginServlet- Room{id=4, name='Семейный', capacity=4, price=5000.0}
2024-12-10 22:38:46,817 [http-nio-8080-exec-1] INFO  com.heartoftatarstan.servlets.LoginServlet- Room{id=6, name='Апартаменты', capacity=5, price=10000.0}
2024-12-10 22:38:49,950 [http-nio-8080-exec-2] INFO  com.heartoftatarstan.servlets.LoginServlet- Room{id=1, name='Эконом', capacity=1, price=1500.0}
2024-12-10 22:38:49,951 [http-nio-8080-exec-2] INFO  com.heartoftatarstan.servlets.LoginServlet- Room{id=2, name='Эконом+', capacity=2, price=2000.0}
2024-12-10 22:38:49,951 [http-nio-8080-exec-2] INFO  com.heartoftatarstan.servlets.LoginServlet- Room{id=3, name='Стандарт', capacity=2, price=3000.0}
2024-12-10 22:38:49,951 [http-nio-8080-exec-2] INFO  com.heartoftatarstan.servlets.LoginServlet- Room{id=4, name='Семейный', capacity=4, price=5000.0}
2024-12-10 22:38:49,954 [http-nio-8080-exec-2] INFO  com.heartoftatarstan.servlets.LoginServlet- Room{id=6, name='Апартаменты', capacity=5, price=10000.0}
2024-12-10 22:38:50,078 [http-nio-8080-exec-4] INFO  com.heartoftatarstan.servlets.LoginServlet- Room{id=1, name='Эконом', capacity=1, price=1500.0}
2024-12-10 22:38:50,078 [http-nio-8080-exec-4] INFO  com.heartoftatarstan.servlets.LoginServlet- Room{id=2, name='Эконом+', capacity=2, price=2000.0}
2024-12-10 22:38:50,078 [http-nio-8080-exec-4] INFO  com.heartoftatarstan.servlets.LoginServlet- Room{id=3, name='Стандарт', capacity=2, price=3000.0}
2024-12-10 22:38:50,079 [http-nio-8080-exec-4] INFO  com.heartoftatarstan.servlets.LoginServlet- Room{id=4, name='Семейный', capacity=4, price=5000.0}
2024-12-10 22:38:50,079 [http-nio-8080-exec-4] INFO  com.heartoftatarstan.servlets.LoginServlet- Room{id=6, name='Апартаменты', capacity=5, price=10000.0}
2024-12-10 22:41:15,364 [RMI TCP Connection(2)-127.0.0.1] DEBUG com.heartoftatarstan.listeners.ContextListener- Context initialized
2024-12-10 22:41:15,970 [http-nio-8080-exec-2] INFO  com.heartoftatarstan.servlets.LoginServlet- Room{id=1, name='Эконом', capacity=1, price=1500.0}
2024-12-10 22:41:15,971 [http-nio-8080-exec-2] INFO  com.heartoftatarstan.servlets.LoginServlet- Room{id=2, name='Эконом+', capacity=2, price=2000.0}
2024-12-10 22:41:15,971 [http-nio-8080-exec-2] INFO  com.heartoftatarstan.servlets.LoginServlet- Room{id=3, name='Стандарт', capacity=2, price=3000.0}
2024-12-10 22:41:15,971 [http-nio-8080-exec-2] INFO  com.heartoftatarstan.servlets.LoginServlet- Room{id=4, name='Семейный', capacity=4, price=5000.0}
2024-12-10 22:41:15,971 [http-nio-8080-exec-2] INFO  com.heartoftatarstan.servlets.LoginServlet- Room{id=6, name='Апартаменты', capacity=5, price=10000.0}
2024-12-10 22:41:17,278 [http-nio-8080-exec-3] INFO  com.heartoftatarstan.servlets.LoginServlet- Room{id=1, name='Эконом', capacity=1, price=1500.0}
2024-12-10 22:41:17,278 [http-nio-8080-exec-3] INFO  com.heartoftatarstan.servlets.LoginServlet- Room{id=2, name='Эконом+', capacity=2, price=2000.0}
2024-12-10 22:41:17,279 [http-nio-8080-exec-3] INFO  com.heartoftatarstan.servlets.LoginServlet- Room{id=3, name='Стандарт', capacity=2, price=3000.0}
2024-12-10 22:41:17,279 [http-nio-8080-exec-3] INFO  com.heartoftatarstan.servlets.LoginServlet- Room{id=4, name='Семейный', capacity=4, price=5000.0}
2024-12-10 22:41:17,280 [http-nio-8080-exec-3] INFO  com.heartoftatarstan.servlets.LoginServlet- Room{id=6, name='Апартаменты', capacity=5, price=10000.0}
2024-12-10 22:41:17,392 [http-nio-8080-exec-1] INFO  com.heartoftatarstan.servlets.LoginServlet- Room{id=1, name='Эконом', capacity=1, price=1500.0}
2024-12-10 22:41:17,392 [http-nio-8080-exec-1] INFO  com.heartoftatarstan.servlets.LoginServlet- Room{id=2, name='Эконом+', capacity=2, price=2000.0}
2024-12-10 22:41:17,392 [http-nio-8080-exec-1] INFO  com.heartoftatarstan.servlets.LoginServlet- Room{id=3, name='Стандарт', capacity=2, price=3000.0}
2024-12-10 22:41:17,392 [http-nio-8080-exec-1] INFO  com.heartoftatarstan.servlets.LoginServlet- Room{id=4, name='Семейный', capacity=4, price=5000.0}
2024-12-10 22:41:17,392 [http-nio-8080-exec-1] INFO  com.heartoftatarstan.servlets.LoginServlet- Room{id=6, name='Апартаменты', capacity=5, price=10000.0}
2024-12-10 22:42:44,236 [http-nio-8080-exec-3] INFO  com.heartoftatarstan.servlets.LoginServlet- Room{id=1, name='Эконом', capacity=1, price=1500.0}
2024-12-10 22:42:44,237 [http-nio-8080-exec-3] INFO  com.heartoftatarstan.servlets.LoginServlet- Room{id=2, name='Эконом+', capacity=2, price=2000.0}
2024-12-10 22:42:44,237 [http-nio-8080-exec-3] INFO  com.heartoftatarstan.servlets.LoginServlet- Room{id=3, name='Стандарт', capacity=2, price=3000.0}
2024-12-10 22:42:44,237 [http-nio-8080-exec-3] INFO  com.heartoftatarstan.servlets.LoginServlet- Room{id=4, name='Семейный', capacity=4, price=5000.0}
2024-12-10 22:42:44,237 [http-nio-8080-exec-3] INFO  com.heartoftatarstan.servlets.LoginServlet- Room{id=6, name='Апартаменты', capacity=5, price=10000.0}
2024-12-10 22:45:10,431 [RMI TCP Connection(2)-127.0.0.1] DEBUG com.heartoftatarstan.listeners.ContextListener- Context initialized
2024-12-10 22:45:10,948 [http-nio-8080-exec-1] INFO  com.heartoftatarstan.servlets.LoginServlet- Room{id=1, name='Эконом', capacity=1, price=1500.0}
2024-12-10 22:45:10,949 [http-nio-8080-exec-1] INFO  com.heartoftatarstan.servlets.LoginServlet- Room{id=2, name='Эконом+', capacity=2, price=2000.0}
2024-12-10 22:45:10,949 [http-nio-8080-exec-1] INFO  com.heartoftatarstan.servlets.LoginServlet- Room{id=3, name='Стандарт', capacity=2, price=3000.0}
2024-12-10 22:45:10,949 [http-nio-8080-exec-1] INFO  com.heartoftatarstan.servlets.LoginServlet- Room{id=4, name='Семейный', capacity=4, price=5000.0}
2024-12-10 22:45:10,949 [http-nio-8080-exec-1] INFO  com.heartoftatarstan.servlets.LoginServlet- Room{id=6, name='Апартаменты', capacity=5, price=10000.0}
2024-12-10 22:45:12,448 [http-nio-8080-exec-2] INFO  com.heartoftatarstan.servlets.LoginServlet- Room{id=1, name='Эконом', capacity=1, price=1500.0}
2024-12-10 22:45:12,449 [http-nio-8080-exec-2] INFO  com.heartoftatarstan.servlets.LoginServlet- Room{id=2, name='Эконом+', capacity=2, price=2000.0}
2024-12-10 22:45:12,449 [http-nio-8080-exec-2] INFO  com.heartoftatarstan.servlets.LoginServlet- Room{id=3, name='Стандарт', capacity=2, price=3000.0}
2024-12-10 22:45:12,449 [http-nio-8080-exec-2] INFO  com.heartoftatarstan.servlets.LoginServlet- Room{id=4, name='Семейный', capacity=4, price=5000.0}
2024-12-10 22:45:12,449 [http-nio-8080-exec-2] INFO  com.heartoftatarstan.servlets.LoginServlet- Room{id=6, name='Апартаменты', capacity=5, price=10000.0}
2024-12-10 22:45:12,837 [http-nio-8080-exec-3] INFO  com.heartoftatarstan.servlets.LoginServlet- Room{id=1, name='Эконом', capacity=1, price=1500.0}
2024-12-10 22:45:12,837 [http-nio-8080-exec-3] INFO  com.heartoftatarstan.servlets.LoginServlet- Room{id=2, name='Эконом+', capacity=2, price=2000.0}
2024-12-10 22:45:12,837 [http-nio-8080-exec-3] INFO  com.heartoftatarstan.servlets.LoginServlet- Room{id=3, name='Стандарт', capacity=2, price=3000.0}
2024-12-10 22:45:12,837 [http-nio-8080-exec-3] INFO  com.heartoftatarstan.servlets.LoginServlet- Room{id=4, name='Семейный', capacity=4, price=5000.0}
2024-12-10 22:45:12,838 [http-nio-8080-exec-3] INFO  com.heartoftatarstan.servlets.LoginServlet- Room{id=6, name='Апартаменты', capacity=5, price=10000.0}
2024-12-10 22:46:22,174 [RMI TCP Connection(2)-127.0.0.1] DEBUG com.heartoftatarstan.listeners.ContextListener- Context initialized
2024-12-10 22:46:22,476 [http-nio-8080-exec-1] INFO  com.heartoftatarstan.servlets.LoginServlet- Room{id=1, name='Эконом', capacity=1, price=1500.0}
2024-12-10 22:46:22,477 [http-nio-8080-exec-1] INFO  com.heartoftatarstan.servlets.LoginServlet- Room{id=2, name='Эконом+', capacity=2, price=2000.0}
2024-12-10 22:46:22,477 [http-nio-8080-exec-1] INFO  com.heartoftatarstan.servlets.LoginServlet- Room{id=3, name='Стандарт', capacity=2, price=3000.0}
2024-12-10 22:46:22,477 [http-nio-8080-exec-1] INFO  com.heartoftatarstan.servlets.LoginServlet- Room{id=4, name='Семейный', capacity=4, price=5000.0}
2024-12-10 22:46:22,477 [http-nio-8080-exec-1] INFO  com.heartoftatarstan.servlets.LoginServlet- Room{id=6, name='Апартаменты', capacity=5, price=10000.0}
2024-12-10 22:46:23,928 [http-nio-8080-exec-1] INFO  com.heartoftatarstan.servlets.LoginServlet- Room{id=1, name='Эконом', capacity=1, price=1500.0}
2024-12-10 22:46:23,928 [http-nio-8080-exec-1] INFO  com.heartoftatarstan.servlets.LoginServlet- Room{id=2, name='Эконом+', capacity=2, price=2000.0}
2024-12-10 22:46:23,928 [http-nio-8080-exec-1] INFO  com.heartoftatarstan.servlets.LoginServlet- Room{id=3, name='Стандарт', capacity=2, price=3000.0}
2024-12-10 22:46:23,928 [http-nio-8080-exec-1] INFO  com.heartoftatarstan.servlets.LoginServlet- Room{id=4, name='Семейный', capacity=4, price=5000.0}
2024-12-10 22:46:23,928 [http-nio-8080-exec-1] INFO  com.heartoftatarstan.servlets.LoginServlet- Room{id=6, name='Апартаменты', capacity=5, price=10000.0}
2024-12-10 22:46:24,045 [http-nio-8080-exec-4] INFO  com.heartoftatarstan.servlets.LoginServlet- Room{id=1, name='Эконом', capacity=1, price=1500.0}
2024-12-10 22:46:24,046 [http-nio-8080-exec-4] INFO  com.heartoftatarstan.servlets.LoginServlet- Room{id=2, name='Эконом+', capacity=2, price=2000.0}
2024-12-10 22:46:24,046 [http-nio-8080-exec-4] INFO  com.heartoftatarstan.servlets.LoginServlet- Room{id=3, name='Стандарт', capacity=2, price=3000.0}
2024-12-10 22:46:24,046 [http-nio-8080-exec-4] INFO  com.heartoftatarstan.servlets.LoginServlet- Room{id=4, name='Семейный', capacity=4, price=5000.0}
2024-12-10 22:46:24,046 [http-nio-8080-exec-4] INFO  com.heartoftatarstan.servlets.LoginServlet- Room{id=6, name='Апартаменты', capacity=5, price=10000.0}
2024-12-10 22:46:51,779 [RMI TCP Connection(2)-127.0.0.1] DEBUG com.heartoftatarstan.listeners.ContextListener- Context initialized
2024-12-10 22:46:52,416 [http-nio-8080-exec-1] INFO  com.heartoftatarstan.servlets.LoginServlet- Room{id=1, name='Эконом', capacity=1, price=1500.0}
2024-12-10 22:46:52,417 [http-nio-8080-exec-1] INFO  com.heartoftatarstan.servlets.LoginServlet- Room{id=2, name='Эконом+', capacity=2, price=2000.0}
2024-12-10 22:46:52,417 [http-nio-8080-exec-1] INFO  com.heartoftatarstan.servlets.LoginServlet- Room{id=3, name='Стандарт', capacity=2, price=3000.0}
2024-12-10 22:46:52,417 [http-nio-8080-exec-1] INFO  com.heartoftatarstan.servlets.LoginServlet- Room{id=4, name='Семейный', capacity=4, price=5000.0}
2024-12-10 22:46:52,417 [http-nio-8080-exec-1] INFO  com.heartoftatarstan.servlets.LoginServlet- Room{id=6, name='Апартаменты', capacity=5, price=10000.0}
2024-12-10 22:46:53,762 [http-nio-8080-exec-2] INFO  com.heartoftatarstan.servlets.LoginServlet- Room{id=1, name='Эконом', capacity=1, price=1500.0}
2024-12-10 22:46:53,762 [http-nio-8080-exec-2] INFO  com.heartoftatarstan.servlets.LoginServlet- Room{id=2, name='Эконом+', capacity=2, price=2000.0}
2024-12-10 22:46:53,762 [http-nio-8080-exec-2] INFO  com.heartoftatarstan.servlets.LoginServlet- Room{id=3, name='Стандарт', capacity=2, price=3000.0}
2024-12-10 22:46:53,762 [http-nio-8080-exec-2] INFO  com.heartoftatarstan.servlets.LoginServlet- Room{id=4, name='Семейный', capacity=4, price=5000.0}
2024-12-10 22:46:53,762 [http-nio-8080-exec-2] INFO  com.heartoftatarstan.servlets.LoginServlet- Room{id=6, name='Апартаменты', capacity=5, price=10000.0}
2024-12-10 22:46:53,881 [http-nio-8080-exec-4] INFO  com.heartoftatarstan.servlets.LoginServlet- Room{id=1, name='Эконом', capacity=1, price=1500.0}
2024-12-10 22:46:53,881 [http-nio-8080-exec-4] INFO  com.heartoftatarstan.servlets.LoginServlet- Room{id=2, name='Эконом+', capacity=2, price=2000.0}
2024-12-10 22:46:53,881 [http-nio-8080-exec-4] INFO  com.heartoftatarstan.servlets.LoginServlet- Room{id=3, name='Стандарт', capacity=2, price=3000.0}
2024-12-10 22:46:53,881 [http-nio-8080-exec-4] INFO  com.heartoftatarstan.servlets.LoginServlet- Room{id=4, name='Семейный', capacity=4, price=5000.0}
2024-12-10 22:46:53,881 [http-nio-8080-exec-4] INFO  com.heartoftatarstan.servlets.LoginServlet- Room{id=6, name='Апартаменты', capacity=5, price=10000.0}
2024-12-10 22:48:42,784 [RMI TCP Connection(2)-127.0.0.1] DEBUG com.heartoftatarstan.listeners.ContextListener- Context initialized
2024-12-10 22:48:43,045 [http-nio-8080-exec-1] INFO  com.heartoftatarstan.servlets.LoginServlet- Room{id=1, name='Эконом', capacity=1, price=1500.0}
2024-12-10 22:48:43,045 [http-nio-8080-exec-1] INFO  com.heartoftatarstan.servlets.LoginServlet- Room{id=2, name='Эконом+', capacity=2, price=2000.0}
2024-12-10 22:48:43,045 [http-nio-8080-exec-1] INFO  com.heartoftatarstan.servlets.LoginServlet- Room{id=3, name='Стандарт', capacity=2, price=3000.0}
2024-12-10 22:48:43,046 [http-nio-8080-exec-1] INFO  com.heartoftatarstan.servlets.LoginServlet- Room{id=4, name='Семейный', capacity=4, price=5000.0}
2024-12-10 22:48:43,046 [http-nio-8080-exec-1] INFO  com.heartoftatarstan.servlets.LoginServlet- Room{id=6, name='Апартаменты', capacity=5, price=10000.0}
2024-12-10 22:48:44,524 [http-nio-8080-exec-2] INFO  com.heartoftatarstan.servlets.LoginServlet- Room{id=1, name='Эконом', capacity=1, price=1500.0}
2024-12-10 22:48:44,525 [http-nio-8080-exec-2] INFO  com.heartoftatarstan.servlets.LoginServlet- Room{id=2, name='Эконом+', capacity=2, price=2000.0}
2024-12-10 22:48:44,526 [http-nio-8080-exec-2] INFO  com.heartoftatarstan.servlets.LoginServlet- Room{id=3, name='Стандарт', capacity=2, price=3000.0}
2024-12-10 22:48:44,526 [http-nio-8080-exec-2] INFO  com.heartoftatarstan.servlets.LoginServlet- Room{id=4, name='Семейный', capacity=4, price=5000.0}
2024-12-10 22:48:44,526 [http-nio-8080-exec-2] INFO  com.heartoftatarstan.servlets.LoginServlet- Room{id=6, name='Апартаменты', capacity=5, price=10000.0}
2024-12-10 22:48:44,661 [http-nio-8080-exec-3] INFO  com.heartoftatarstan.servlets.LoginServlet- Room{id=1, name='Эконом', capacity=1, price=1500.0}
2024-12-10 22:48:44,661 [http-nio-8080-exec-3] INFO  com.heartoftatarstan.servlets.LoginServlet- Room{id=2, name='Эконом+', capacity=2, price=2000.0}
2024-12-10 22:48:44,661 [http-nio-8080-exec-3] INFO  com.heartoftatarstan.servlets.LoginServlet- Room{id=3, name='Стандарт', capacity=2, price=3000.0}
2024-12-10 22:48:44,661 [http-nio-8080-exec-3] INFO  com.heartoftatarstan.servlets.LoginServlet- Room{id=4, name='Семейный', capacity=4, price=5000.0}
2024-12-10 22:48:44,661 [http-nio-8080-exec-3] INFO  com.heartoftatarstan.servlets.LoginServlet- Room{id=6, name='Апартаменты', capacity=5, price=10000.0}
2024-12-10 22:49:29,783 [http-nio-8080-exec-5] INFO  com.heartoftatarstan.servlets.LoginServlet- Room{id=1, name='Эконом', capacity=1, price=1500.0}
2024-12-10 22:49:29,784 [http-nio-8080-exec-5] INFO  com.heartoftatarstan.servlets.LoginServlet- Room{id=2, name='Эконом+', capacity=2, price=2000.0}
2024-12-10 22:49:29,784 [http-nio-8080-exec-5] INFO  com.heartoftatarstan.servlets.LoginServlet- Room{id=3, name='Стандарт', capacity=2, price=3000.0}
2024-12-10 22:49:29,784 [http-nio-8080-exec-5] INFO  com.heartoftatarstan.servlets.LoginServlet- Room{id=4, name='Семейный', capacity=4, price=5000.0}
2024-12-10 22:49:29,785 [http-nio-8080-exec-5] INFO  com.heartoftatarstan.servlets.LoginServlet- Room{id=6, name='Апартаменты', capacity=5, price=10000.0}
