2024-12-12 22:25:17,681 [RMI TCP Connection(4)-127.0.0.1] DEBUG com.heartoftatarstan.listeners.ContextListener- Context initialized
2024-12-12 22:25:18,159 [http-nio-8080-exec-1] INFO  com.heartoftatarstan.servlets.LoginServlet- Room{id=1, name='Эконом', capacity=1, price=1500.0}
2024-12-12 22:25:18,160 [http-nio-8080-exec-1] INFO  com.heartoftatarstan.servlets.LoginServlet- Room{id=2, name='Эконом+', capacity=2, price=2000.0}
2024-12-12 22:25:18,160 [http-nio-8080-exec-1] INFO  com.heartoftatarstan.servlets.LoginServlet- Room{id=3, name='Стандарт', capacity=2, price=3000.0}
2024-12-12 22:25:18,160 [http-nio-8080-exec-1] INFO  com.heartoftatarstan.servlets.LoginServlet- Room{id=4, name='Семейный', capacity=4, price=5000.0}
2024-12-12 22:25:18,160 [http-nio-8080-exec-1] INFO  com.heartoftatarstan.servlets.LoginServlet- Room{id=6, name='Апартаменты', capacity=5, price=10000.0}
2024-12-12 22:25:18,160 [http-nio-8080-exec-1] INFO  com.heartoftatarstan.servlets.LoginServlet- Room{id=8, name='Эконом', capacity=1, price=1500.0}
2024-12-12 22:25:18,160 [http-nio-8080-exec-1] INFO  com.heartoftatarstan.servlets.LoginServlet- Room{id=9, name='Эконом+', capacity=2, price=2000.0}
2024-12-12 22:25:18,161 [http-nio-8080-exec-1] INFO  com.heartoftatarstan.servlets.LoginServlet- Room{id=10, name='Эконом', capacity=1, price=1500.0}
2024-12-12 22:25:19,578 [http-nio-8080-exec-2] INFO  com.heartoftatarstan.servlets.LoginServlet- Room{id=1, name='Эконом', capacity=1, price=1500.0}
2024-12-12 22:25:19,579 [http-nio-8080-exec-2] INFO  com.heartoftatarstan.servlets.LoginServlet- Room{id=2, name='Эконом+', capacity=2, price=2000.0}
2024-12-12 22:25:19,579 [http-nio-8080-exec-2] INFO  com.heartoftatarstan.servlets.LoginServlet- Room{id=3, name='Стандарт', capacity=2, price=3000.0}
2024-12-12 22:25:19,579 [http-nio-8080-exec-2] INFO  com.heartoftatarstan.servlets.LoginServlet- Room{id=4, name='Семейный', capacity=4, price=5000.0}
2024-12-12 22:25:19,579 [http-nio-8080-exec-2] INFO  com.heartoftatarstan.servlets.LoginServlet- Room{id=6, name='Апартаменты', capacity=5, price=10000.0}
2024-12-12 22:25:19,579 [http-nio-8080-exec-2] INFO  com.heartoftatarstan.servlets.LoginServlet- Room{id=8, name='Эконом', capacity=1, price=1500.0}
2024-12-12 22:25:19,580 [http-nio-8080-exec-2] INFO  com.heartoftatarstan.servlets.LoginServlet- Room{id=9, name='Эконом+', capacity=2, price=2000.0}
2024-12-12 22:25:19,580 [http-nio-8080-exec-2] INFO  com.heartoftatarstan.servlets.LoginServlet- Room{id=10, name='Эконом', capacity=1, price=1500.0}
2024-12-12 22:25:19,892 [http-nio-8080-exec-3] INFO  com.heartoftatarstan.servlets.LoginServlet- Room{id=1, name='Эконом', capacity=1, price=1500.0}
2024-12-12 22:25:19,892 [http-nio-8080-exec-3] INFO  com.heartoftatarstan.servlets.LoginServlet- Room{id=2, name='Эконом+', capacity=2, price=2000.0}
2024-12-12 22:25:19,892 [http-nio-8080-exec-3] INFO  com.heartoftatarstan.servlets.LoginServlet- Room{id=3, name='Стандарт', capacity=2, price=3000.0}
2024-12-12 22:25:19,892 [http-nio-8080-exec-3] INFO  com.heartoftatarstan.servlets.LoginServlet- Room{id=4, name='Семейный', capacity=4, price=5000.0}
2024-12-12 22:25:19,892 [http-nio-8080-exec-3] INFO  com.heartoftatarstan.servlets.LoginServlet- Room{id=6, name='Апартаменты', capacity=5, price=10000.0}
2024-12-12 22:25:19,892 [http-nio-8080-exec-3] INFO  com.heartoftatarstan.servlets.LoginServlet- Room{id=8, name='Эконом', capacity=1, price=1500.0}
2024-12-12 22:25:19,892 [http-nio-8080-exec-3] INFO  com.heartoftatarstan.servlets.LoginServlet- Room{id=9, name='Эконом+', capacity=2, price=2000.0}
2024-12-12 22:25:19,892 [http-nio-8080-exec-3] INFO  com.heartoftatarstan.servlets.LoginServlet- Room{id=10, name='Эконом', capacity=1, price=1500.0}
2024-12-12 22:25:38,187 [http-nio-8080-exec-5] DEBUG com.heartoftatarstan.servlets.LoginServlet- Открыта страница Login
2024-12-12 23:02:47,481 [RMI TCP Connection(2)-127.0.0.1] INFO  com.heartoftatarstan.listeners.ContextListener- Database connection pool initialized.
2024-12-12 23:02:47,822 [http-nio-8080-exec-2] INFO  com.heartoftatarstan.servlets.LoginServlet- Room{id=1, name='Эконом', capacity=1, price=1500.0}
2024-12-12 23:02:47,822 [http-nio-8080-exec-2] INFO  com.heartoftatarstan.servlets.LoginServlet- Room{id=2, name='Эконом+', capacity=2, price=2000.0}
2024-12-12 23:02:47,822 [http-nio-8080-exec-2] INFO  com.heartoftatarstan.servlets.LoginServlet- Room{id=3, name='Стандарт', capacity=2, price=3000.0}
2024-12-12 23:02:47,822 [http-nio-8080-exec-2] INFO  com.heartoftatarstan.servlets.LoginServlet- Room{id=4, name='Семейный', capacity=4, price=5000.0}
2024-12-12 23:02:47,822 [http-nio-8080-exec-2] INFO  com.heartoftatarstan.servlets.LoginServlet- Room{id=6, name='Апартаменты', capacity=5, price=10000.0}
2024-12-12 23:02:47,823 [http-nio-8080-exec-2] INFO  com.heartoftatarstan.servlets.LoginServlet- Room{id=8, name='Эконом', capacity=1, price=1500.0}
2024-12-12 23:02:47,823 [http-nio-8080-exec-2] INFO  com.heartoftatarstan.servlets.LoginServlet- Room{id=9, name='Эконом+', capacity=2, price=2000.0}
2024-12-12 23:02:47,823 [http-nio-8080-exec-2] INFO  com.heartoftatarstan.servlets.LoginServlet- Room{id=10, name='Эконом', capacity=1, price=1500.0}
2024-12-12 23:02:49,426 [http-nio-8080-exec-1] INFO  com.heartoftatarstan.servlets.LoginServlet- Room{id=1, name='Эконом', capacity=1, price=1500.0}
2024-12-12 23:02:49,426 [http-nio-8080-exec-1] INFO  com.heartoftatarstan.servlets.LoginServlet- Room{id=2, name='Эконом+', capacity=2, price=2000.0}
2024-12-12 23:02:49,426 [http-nio-8080-exec-1] INFO  com.heartoftatarstan.servlets.LoginServlet- Room{id=3, name='Стандарт', capacity=2, price=3000.0}
2024-12-12 23:02:49,426 [http-nio-8080-exec-1] INFO  com.heartoftatarstan.servlets.LoginServlet- Room{id=4, name='Семейный', capacity=4, price=5000.0}
2024-12-12 23:02:49,426 [http-nio-8080-exec-1] INFO  com.heartoftatarstan.servlets.LoginServlet- Room{id=6, name='Апартаменты', capacity=5, price=10000.0}
2024-12-12 23:02:49,426 [http-nio-8080-exec-1] INFO  com.heartoftatarstan.servlets.LoginServlet- Room{id=8, name='Эконом', capacity=1, price=1500.0}
2024-12-12 23:02:49,426 [http-nio-8080-exec-1] INFO  com.heartoftatarstan.servlets.LoginServlet- Room{id=9, name='Эконом+', capacity=2, price=2000.0}
2024-12-12 23:02:49,426 [http-nio-8080-exec-1] INFO  com.heartoftatarstan.servlets.LoginServlet- Room{id=10, name='Эконом', capacity=1, price=1500.0}
2024-12-12 23:02:49,569 [http-nio-8080-exec-3] INFO  com.heartoftatarstan.servlets.LoginServlet- Room{id=1, name='Эконом', capacity=1, price=1500.0}
2024-12-12 23:02:49,570 [http-nio-8080-exec-3] INFO  com.heartoftatarstan.servlets.LoginServlet- Room{id=2, name='Эконом+', capacity=2, price=2000.0}
2024-12-12 23:02:49,570 [http-nio-8080-exec-3] INFO  com.heartoftatarstan.servlets.LoginServlet- Room{id=3, name='Стандарт', capacity=2, price=3000.0}
2024-12-12 23:02:49,570 [http-nio-8080-exec-3] INFO  com.heartoftatarstan.servlets.LoginServlet- Room{id=4, name='Семейный', capacity=4, price=5000.0}
2024-12-12 23:02:49,570 [http-nio-8080-exec-3] INFO  com.heartoftatarstan.servlets.LoginServlet- Room{id=6, name='Апартаменты', capacity=5, price=10000.0}
2024-12-12 23:02:49,570 [http-nio-8080-exec-3] INFO  com.heartoftatarstan.servlets.LoginServlet- Room{id=8, name='Эконом', capacity=1, price=1500.0}
2024-12-12 23:02:49,570 [http-nio-8080-exec-3] INFO  com.heartoftatarstan.servlets.LoginServlet- Room{id=9, name='Эконом+', capacity=2, price=2000.0}
2024-12-12 23:02:49,570 [http-nio-8080-exec-3] INFO  com.heartoftatarstan.servlets.LoginServlet- Room{id=10, name='Эконом', capacity=1, price=1500.0}
2024-12-12 23:02:56,442 [http-nio-8080-exec-6] DEBUG com.heartoftatarstan.servlets.LoginServlet- Открыта страница Login
2024-12-12 23:03:13,545 [http-nio-8080-exec-9] DEBUG com.heartoftatarstan.servlets.LoginServlet- User ilshat3092005@gmail.com logged in
2024-12-12 23:13:38,603 [RMI TCP Connection(2)-127.0.0.1] INFO  com.heartoftatarstan.listeners.ContextListener- Database connection pool initialized.
2024-12-12 23:13:39,246 [http-nio-8080-exec-2] INFO  com.heartoftatarstan.servlets.LoginServlet- Room{id=1, name='Эконом', capacity=1, price=1500.0}
2024-12-12 23:13:39,246 [http-nio-8080-exec-2] INFO  com.heartoftatarstan.servlets.LoginServlet- Room{id=2, name='Эконом+', capacity=2, price=2000.0}
2024-12-12 23:13:39,246 [http-nio-8080-exec-2] INFO  com.heartoftatarstan.servlets.LoginServlet- Room{id=3, name='Стандарт', capacity=2, price=3000.0}
2024-12-12 23:13:39,246 [http-nio-8080-exec-2] INFO  com.heartoftatarstan.servlets.LoginServlet- Room{id=4, name='Семейный', capacity=4, price=5000.0}
2024-12-12 23:13:39,246 [http-nio-8080-exec-2] INFO  com.heartoftatarstan.servlets.LoginServlet- Room{id=6, name='Апартаменты', capacity=5, price=10000.0}
2024-12-12 23:13:39,246 [http-nio-8080-exec-2] INFO  com.heartoftatarstan.servlets.LoginServlet- Room{id=8, name='Эконом', capacity=1, price=1500.0}
2024-12-12 23:13:39,246 [http-nio-8080-exec-2] INFO  com.heartoftatarstan.servlets.LoginServlet- Room{id=9, name='Эконом+', capacity=2, price=2000.0}
2024-12-12 23:13:39,246 [http-nio-8080-exec-2] INFO  com.heartoftatarstan.servlets.LoginServlet- Room{id=10, name='Эконом', capacity=1, price=1500.0}
2024-12-12 23:13:40,785 [http-nio-8080-exec-1] INFO  com.heartoftatarstan.servlets.LoginServlet- Room{id=1, name='Эконом', capacity=1, price=1500.0}
2024-12-12 23:13:40,785 [http-nio-8080-exec-1] INFO  com.heartoftatarstan.servlets.LoginServlet- Room{id=2, name='Эконом+', capacity=2, price=2000.0}
2024-12-12 23:13:40,785 [http-nio-8080-exec-1] INFO  com.heartoftatarstan.servlets.LoginServlet- Room{id=3, name='Стандарт', capacity=2, price=3000.0}
2024-12-12 23:13:40,785 [http-nio-8080-exec-1] INFO  com.heartoftatarstan.servlets.LoginServlet- Room{id=4, name='Семейный', capacity=4, price=5000.0}
2024-12-12 23:13:40,785 [http-nio-8080-exec-1] INFO  com.heartoftatarstan.servlets.LoginServlet- Room{id=6, name='Апартаменты', capacity=5, price=10000.0}
2024-12-12 23:13:40,785 [http-nio-8080-exec-1] INFO  com.heartoftatarstan.servlets.LoginServlet- Room{id=8, name='Эконом', capacity=1, price=1500.0}
2024-12-12 23:13:40,786 [http-nio-8080-exec-1] INFO  com.heartoftatarstan.servlets.LoginServlet- Room{id=9, name='Эконом+', capacity=2, price=2000.0}
2024-12-12 23:13:40,786 [http-nio-8080-exec-1] INFO  com.heartoftatarstan.servlets.LoginServlet- Room{id=10, name='Эконом', capacity=1, price=1500.0}
2024-12-12 23:13:40,909 [http-nio-8080-exec-3] INFO  com.heartoftatarstan.servlets.LoginServlet- Room{id=1, name='Эконом', capacity=1, price=1500.0}
2024-12-12 23:13:40,909 [http-nio-8080-exec-3] INFO  com.heartoftatarstan.servlets.LoginServlet- Room{id=2, name='Эконом+', capacity=2, price=2000.0}
2024-12-12 23:13:40,910 [http-nio-8080-exec-3] INFO  com.heartoftatarstan.servlets.LoginServlet- Room{id=3, name='Стандарт', capacity=2, price=3000.0}
2024-12-12 23:13:40,910 [http-nio-8080-exec-3] INFO  com.heartoftatarstan.servlets.LoginServlet- Room{id=4, name='Семейный', capacity=4, price=5000.0}
2024-12-12 23:13:40,910 [http-nio-8080-exec-3] INFO  com.heartoftatarstan.servlets.LoginServlet- Room{id=6, name='Апартаменты', capacity=5, price=10000.0}
2024-12-12 23:13:40,910 [http-nio-8080-exec-3] INFO  com.heartoftatarstan.servlets.LoginServlet- Room{id=8, name='Эконом', capacity=1, price=1500.0}
2024-12-12 23:13:40,910 [http-nio-8080-exec-3] INFO  com.heartoftatarstan.servlets.LoginServlet- Room{id=9, name='Эконом+', capacity=2, price=2000.0}
2024-12-12 23:13:40,910 [http-nio-8080-exec-3] INFO  com.heartoftatarstan.servlets.LoginServlet- Room{id=10, name='Эконом', capacity=1, price=1500.0}
2024-12-12 23:13:43,542 [http-nio-8080-exec-4] DEBUG com.heartoftatarstan.servlets.LoginServlet- Открыта страница Login
2024-12-12 23:14:55,539 [RMI TCP Connection(2)-127.0.0.1] INFO  com.heartoftatarstan.listeners.ContextListener- Database connection pool initialized.
2024-12-12 23:14:55,794 [http-nio-8080-exec-1] INFO  com.heartoftatarstan.servlets.LoginServlet- Room{id=1, name='Эконом', capacity=1, price=1500.0}
2024-12-12 23:14:55,794 [http-nio-8080-exec-1] INFO  com.heartoftatarstan.servlets.LoginServlet- Room{id=2, name='Эконом+', capacity=2, price=2000.0}
2024-12-12 23:14:55,794 [http-nio-8080-exec-1] INFO  com.heartoftatarstan.servlets.LoginServlet- Room{id=3, name='Стандарт', capacity=2, price=3000.0}
2024-12-12 23:14:55,795 [http-nio-8080-exec-1] INFO  com.heartoftatarstan.servlets.LoginServlet- Room{id=4, name='Семейный', capacity=4, price=5000.0}
2024-12-12 23:14:55,795 [http-nio-8080-exec-1] INFO  com.heartoftatarstan.servlets.LoginServlet- Room{id=6, name='Апартаменты', capacity=5, price=10000.0}
2024-12-12 23:14:55,795 [http-nio-8080-exec-1] INFO  com.heartoftatarstan.servlets.LoginServlet- Room{id=8, name='Эконом', capacity=1, price=1500.0}
2024-12-12 23:14:55,795 [http-nio-8080-exec-1] INFO  com.heartoftatarstan.servlets.LoginServlet- Room{id=9, name='Эконом+', capacity=2, price=2000.0}
2024-12-12 23:14:55,795 [http-nio-8080-exec-1] INFO  com.heartoftatarstan.servlets.LoginServlet- Room{id=10, name='Эконом', capacity=1, price=1500.0}
2024-12-12 23:14:57,399 [http-nio-8080-exec-2] INFO  com.heartoftatarstan.servlets.LoginServlet- Room{id=1, name='Эконом', capacity=1, price=1500.0}
2024-12-12 23:14:57,400 [http-nio-8080-exec-2] INFO  com.heartoftatarstan.servlets.LoginServlet- Room{id=2, name='Эконом+', capacity=2, price=2000.0}
2024-12-12 23:14:57,400 [http-nio-8080-exec-2] INFO  com.heartoftatarstan.servlets.LoginServlet- Room{id=3, name='Стандарт', capacity=2, price=3000.0}
2024-12-12 23:14:57,400 [http-nio-8080-exec-2] INFO  com.heartoftatarstan.servlets.LoginServlet- Room{id=4, name='Семейный', capacity=4, price=5000.0}
2024-12-12 23:14:57,400 [http-nio-8080-exec-2] INFO  com.heartoftatarstan.servlets.LoginServlet- Room{id=6, name='Апартаменты', capacity=5, price=10000.0}
2024-12-12 23:14:57,400 [http-nio-8080-exec-2] INFO  com.heartoftatarstan.servlets.LoginServlet- Room{id=8, name='Эконом', capacity=1, price=1500.0}
2024-12-12 23:14:57,400 [http-nio-8080-exec-2] INFO  com.heartoftatarstan.servlets.LoginServlet- Room{id=9, name='Эконом+', capacity=2, price=2000.0}
2024-12-12 23:14:57,400 [http-nio-8080-exec-2] INFO  com.heartoftatarstan.servlets.LoginServlet- Room{id=10, name='Эконом', capacity=1, price=1500.0}
2024-12-12 23:14:57,533 [http-nio-8080-exec-3] INFO  com.heartoftatarstan.servlets.LoginServlet- Room{id=1, name='Эконом', capacity=1, price=1500.0}
2024-12-12 23:14:57,533 [http-nio-8080-exec-3] INFO  com.heartoftatarstan.servlets.LoginServlet- Room{id=2, name='Эконом+', capacity=2, price=2000.0}
2024-12-12 23:14:57,533 [http-nio-8080-exec-3] INFO  com.heartoftatarstan.servlets.LoginServlet- Room{id=3, name='Стандарт', capacity=2, price=3000.0}
2024-12-12 23:14:57,533 [http-nio-8080-exec-3] INFO  com.heartoftatarstan.servlets.LoginServlet- Room{id=4, name='Семейный', capacity=4, price=5000.0}
2024-12-12 23:14:57,533 [http-nio-8080-exec-3] INFO  com.heartoftatarstan.servlets.LoginServlet- Room{id=6, name='Апартаменты', capacity=5, price=10000.0}
2024-12-12 23:14:57,533 [http-nio-8080-exec-3] INFO  com.heartoftatarstan.servlets.LoginServlet- Room{id=8, name='Эконом', capacity=1, price=1500.0}
2024-12-12 23:14:57,533 [http-nio-8080-exec-3] INFO  com.heartoftatarstan.servlets.LoginServlet- Room{id=9, name='Эконом+', capacity=2, price=2000.0}
2024-12-12 23:14:57,534 [http-nio-8080-exec-3] INFO  com.heartoftatarstan.servlets.LoginServlet- Room{id=10, name='Эконом', capacity=1, price=1500.0}
2024-12-12 23:15:00,330 [http-nio-8080-exec-4] DEBUG com.heartoftatarstan.servlets.LoginServlet- Открыта страница Login
2024-12-12 23:15:36,584 [http-nio-8080-exec-5] DEBUG com.heartoftatarstan.servlets.LoginServlet- User ilshat3092005@gmail.com logged in
2024-12-12 23:16:22,540 [RMI TCP Connection(2)-127.0.0.1] INFO  com.heartoftatarstan.listeners.ContextListener- Database connection pool initialized.
2024-12-12 23:16:22,921 [http-nio-8080-exec-1] INFO  com.heartoftatarstan.servlets.LoginServlet- Room{id=1, name='Эконом', capacity=1, price=1500.0}
2024-12-12 23:16:22,922 [http-nio-8080-exec-1] INFO  com.heartoftatarstan.servlets.LoginServlet- Room{id=2, name='Эконом+', capacity=2, price=2000.0}
2024-12-12 23:16:22,922 [http-nio-8080-exec-1] INFO  com.heartoftatarstan.servlets.LoginServlet- Room{id=3, name='Стандарт', capacity=2, price=3000.0}
2024-12-12 23:16:22,922 [http-nio-8080-exec-1] INFO  com.heartoftatarstan.servlets.LoginServlet- Room{id=4, name='Семейный', capacity=4, price=5000.0}
2024-12-12 23:16:22,922 [http-nio-8080-exec-1] INFO  com.heartoftatarstan.servlets.LoginServlet- Room{id=6, name='Апартаменты', capacity=5, price=10000.0}
2024-12-12 23:16:22,922 [http-nio-8080-exec-1] INFO  com.heartoftatarstan.servlets.LoginServlet- Room{id=8, name='Эконом', capacity=1, price=1500.0}
2024-12-12 23:16:22,922 [http-nio-8080-exec-1] INFO  com.heartoftatarstan.servlets.LoginServlet- Room{id=9, name='Эконом+', capacity=2, price=2000.0}
2024-12-12 23:16:22,922 [http-nio-8080-exec-1] INFO  com.heartoftatarstan.servlets.LoginServlet- Room{id=10, name='Эконом', capacity=1, price=1500.0}
2024-12-12 23:16:24,453 [http-nio-8080-exec-2] INFO  com.heartoftatarstan.servlets.LoginServlet- Room{id=1, name='Эконом', capacity=1, price=1500.0}
2024-12-12 23:16:24,453 [http-nio-8080-exec-2] INFO  com.heartoftatarstan.servlets.LoginServlet- Room{id=2, name='Эконом+', capacity=2, price=2000.0}
2024-12-12 23:16:24,453 [http-nio-8080-exec-2] INFO  com.heartoftatarstan.servlets.LoginServlet- Room{id=3, name='Стандарт', capacity=2, price=3000.0}
2024-12-12 23:16:24,453 [http-nio-8080-exec-2] INFO  com.heartoftatarstan.servlets.LoginServlet- Room{id=4, name='Семейный', capacity=4, price=5000.0}
2024-12-12 23:16:24,454 [http-nio-8080-exec-2] INFO  com.heartoftatarstan.servlets.LoginServlet- Room{id=6, name='Апартаменты', capacity=5, price=10000.0}
2024-12-12 23:16:24,454 [http-nio-8080-exec-2] INFO  com.heartoftatarstan.servlets.LoginServlet- Room{id=8, name='Эконом', capacity=1, price=1500.0}
2024-12-12 23:16:24,454 [http-nio-8080-exec-2] INFO  com.heartoftatarstan.servlets.LoginServlet- Room{id=9, name='Эконом+', capacity=2, price=2000.0}
2024-12-12 23:16:24,454 [http-nio-8080-exec-2] INFO  com.heartoftatarstan.servlets.LoginServlet- Room{id=10, name='Эконом', capacity=1, price=1500.0}
2024-12-12 23:16:24,576 [http-nio-8080-exec-3] INFO  com.heartoftatarstan.servlets.LoginServlet- Room{id=1, name='Эконом', capacity=1, price=1500.0}
2024-12-12 23:16:24,577 [http-nio-8080-exec-3] INFO  com.heartoftatarstan.servlets.LoginServlet- Room{id=2, name='Эконом+', capacity=2, price=2000.0}
2024-12-12 23:16:24,577 [http-nio-8080-exec-3] INFO  com.heartoftatarstan.servlets.LoginServlet- Room{id=3, name='Стандарт', capacity=2, price=3000.0}
2024-12-12 23:16:24,577 [http-nio-8080-exec-3] INFO  com.heartoftatarstan.servlets.LoginServlet- Room{id=4, name='Семейный', capacity=4, price=5000.0}
2024-12-12 23:16:24,577 [http-nio-8080-exec-3] INFO  com.heartoftatarstan.servlets.LoginServlet- Room{id=6, name='Апартаменты', capacity=5, price=10000.0}
2024-12-12 23:16:24,577 [http-nio-8080-exec-3] INFO  com.heartoftatarstan.servlets.LoginServlet- Room{id=8, name='Эконом', capacity=1, price=1500.0}
2024-12-12 23:16:24,577 [http-nio-8080-exec-3] INFO  com.heartoftatarstan.servlets.LoginServlet- Room{id=9, name='Эконом+', capacity=2, price=2000.0}
2024-12-12 23:16:24,577 [http-nio-8080-exec-3] INFO  com.heartoftatarstan.servlets.LoginServlet- Room{id=10, name='Эконом', capacity=1, price=1500.0}
2024-12-12 23:16:27,106 [http-nio-8080-exec-10] DEBUG com.heartoftatarstan.servlets.LoginServlet- Открыта страница Login
2024-12-12 23:33:45,068 [RMI TCP Connection(2)-127.0.0.1] INFO  com.heartoftatarstan.listeners.ContextListener- Database connection pool initialized.
2024-12-12 23:33:45,708 [http-nio-8080-exec-1] INFO  com.heartoftatarstan.servlets.LoginServlet- Room{id=1, name='Эконом', capacity=1, price=1500.0}
2024-12-12 23:33:45,708 [http-nio-8080-exec-1] INFO  com.heartoftatarstan.servlets.LoginServlet- Room{id=2, name='Эконом+', capacity=2, price=2000.0}
2024-12-12 23:33:45,709 [http-nio-8080-exec-1] INFO  com.heartoftatarstan.servlets.LoginServlet- Room{id=3, name='Стандарт', capacity=2, price=3000.0}
2024-12-12 23:33:45,709 [http-nio-8080-exec-1] INFO  com.heartoftatarstan.servlets.LoginServlet- Room{id=4, name='Семейный', capacity=4, price=5000.0}
2024-12-12 23:33:45,711 [http-nio-8080-exec-1] INFO  com.heartoftatarstan.servlets.LoginServlet- Room{id=6, name='Апартаменты', capacity=5, price=10000.0}
2024-12-12 23:33:45,713 [http-nio-8080-exec-1] INFO  com.heartoftatarstan.servlets.LoginServlet- Room{id=8, name='Эконом', capacity=1, price=1500.0}
2024-12-12 23:33:45,713 [http-nio-8080-exec-1] INFO  com.heartoftatarstan.servlets.LoginServlet- Room{id=9, name='Эконом+', capacity=2, price=2000.0}
2024-12-12 23:33:45,713 [http-nio-8080-exec-1] INFO  com.heartoftatarstan.servlets.LoginServlet- Room{id=10, name='Эконом', capacity=1, price=1500.0}
2024-12-12 23:33:48,049 [http-nio-8080-exec-2] INFO  com.heartoftatarstan.servlets.LoginServlet- Room{id=1, name='Эконом', capacity=1, price=1500.0}
2024-12-12 23:33:48,049 [http-nio-8080-exec-2] INFO  com.heartoftatarstan.servlets.LoginServlet- Room{id=2, name='Эконом+', capacity=2, price=2000.0}
2024-12-12 23:33:48,049 [http-nio-8080-exec-2] INFO  com.heartoftatarstan.servlets.LoginServlet- Room{id=3, name='Стандарт', capacity=2, price=3000.0}
2024-12-12 23:33:48,049 [http-nio-8080-exec-2] INFO  com.heartoftatarstan.servlets.LoginServlet- Room{id=4, name='Семейный', capacity=4, price=5000.0}
2024-12-12 23:33:48,049 [http-nio-8080-exec-2] INFO  com.heartoftatarstan.servlets.LoginServlet- Room{id=6, name='Апартаменты', capacity=5, price=10000.0}
2024-12-12 23:33:48,049 [http-nio-8080-exec-2] INFO  com.heartoftatarstan.servlets.LoginServlet- Room{id=8, name='Эконом', capacity=1, price=1500.0}
2024-12-12 23:33:48,049 [http-nio-8080-exec-2] INFO  com.heartoftatarstan.servlets.LoginServlet- Room{id=9, name='Эконом+', capacity=2, price=2000.0}
2024-12-12 23:33:48,049 [http-nio-8080-exec-2] INFO  com.heartoftatarstan.servlets.LoginServlet- Room{id=10, name='Эконом', capacity=1, price=1500.0}
2024-12-12 23:33:48,200 [http-nio-8080-exec-3] INFO  com.heartoftatarstan.servlets.LoginServlet- Room{id=1, name='Эконом', capacity=1, price=1500.0}
2024-12-12 23:33:48,200 [http-nio-8080-exec-3] INFO  com.heartoftatarstan.servlets.LoginServlet- Room{id=2, name='Эконом+', capacity=2, price=2000.0}
2024-12-12 23:33:48,200 [http-nio-8080-exec-3] INFO  com.heartoftatarstan.servlets.LoginServlet- Room{id=3, name='Стандарт', capacity=2, price=3000.0}
2024-12-12 23:33:48,201 [http-nio-8080-exec-3] INFO  com.heartoftatarstan.servlets.LoginServlet- Room{id=4, name='Семейный', capacity=4, price=5000.0}
2024-12-12 23:33:48,201 [http-nio-8080-exec-3] INFO  com.heartoftatarstan.servlets.LoginServlet- Room{id=6, name='Апартаменты', capacity=5, price=10000.0}
2024-12-12 23:33:48,201 [http-nio-8080-exec-3] INFO  com.heartoftatarstan.servlets.LoginServlet- Room{id=8, name='Эконом', capacity=1, price=1500.0}
2024-12-12 23:33:48,201 [http-nio-8080-exec-3] INFO  com.heartoftatarstan.servlets.LoginServlet- Room{id=9, name='Эконом+', capacity=2, price=2000.0}
2024-12-12 23:33:48,201 [http-nio-8080-exec-3] INFO  com.heartoftatarstan.servlets.LoginServlet- Room{id=10, name='Эконом', capacity=1, price=1500.0}
2024-12-12 23:33:50,295 [http-nio-8080-exec-5] DEBUG com.heartoftatarstan.servlets.LoginServlet- Открыта страница Login
2024-12-12 23:34:19,015 [RMI TCP Connection(2)-127.0.0.1] INFO  com.heartoftatarstan.listeners.ContextListener- Database connection pool initialized.
2024-12-12 23:34:19,424 [http-nio-8080-exec-1] INFO  com.heartoftatarstan.servlets.LoginServlet- Room{id=1, name='Эконом', capacity=1, price=1500.0}
2024-12-12 23:34:19,425 [http-nio-8080-exec-1] INFO  com.heartoftatarstan.servlets.LoginServlet- Room{id=2, name='Эконом+', capacity=2, price=2000.0}
2024-12-12 23:34:19,425 [http-nio-8080-exec-1] INFO  com.heartoftatarstan.servlets.LoginServlet- Room{id=3, name='Стандарт', capacity=2, price=3000.0}
2024-12-12 23:34:19,425 [http-nio-8080-exec-1] INFO  com.heartoftatarstan.servlets.LoginServlet- Room{id=4, name='Семейный', capacity=4, price=5000.0}
2024-12-12 23:34:19,425 [http-nio-8080-exec-1] INFO  com.heartoftatarstan.servlets.LoginServlet- Room{id=6, name='Апартаменты', capacity=5, price=10000.0}
2024-12-12 23:34:19,425 [http-nio-8080-exec-1] INFO  com.heartoftatarstan.servlets.LoginServlet- Room{id=8, name='Эконом', capacity=1, price=1500.0}
2024-12-12 23:34:19,426 [http-nio-8080-exec-1] INFO  com.heartoftatarstan.servlets.LoginServlet- Room{id=9, name='Эконом+', capacity=2, price=2000.0}
2024-12-12 23:34:19,426 [http-nio-8080-exec-1] INFO  com.heartoftatarstan.servlets.LoginServlet- Room{id=10, name='Эконом', capacity=1, price=1500.0}
2024-12-12 23:34:21,174 [http-nio-8080-exec-2] INFO  com.heartoftatarstan.servlets.LoginServlet- Room{id=1, name='Эконом', capacity=1, price=1500.0}
2024-12-12 23:34:21,174 [http-nio-8080-exec-2] INFO  com.heartoftatarstan.servlets.LoginServlet- Room{id=2, name='Эконом+', capacity=2, price=2000.0}
2024-12-12 23:34:21,174 [http-nio-8080-exec-2] INFO  com.heartoftatarstan.servlets.LoginServlet- Room{id=3, name='Стандарт', capacity=2, price=3000.0}
2024-12-12 23:34:21,174 [http-nio-8080-exec-2] INFO  com.heartoftatarstan.servlets.LoginServlet- Room{id=4, name='Семейный', capacity=4, price=5000.0}
2024-12-12 23:34:21,174 [http-nio-8080-exec-2] INFO  com.heartoftatarstan.servlets.LoginServlet- Room{id=6, name='Апартаменты', capacity=5, price=10000.0}
2024-12-12 23:34:21,174 [http-nio-8080-exec-2] INFO  com.heartoftatarstan.servlets.LoginServlet- Room{id=8, name='Эконом', capacity=1, price=1500.0}
2024-12-12 23:34:21,175 [http-nio-8080-exec-2] INFO  com.heartoftatarstan.servlets.LoginServlet- Room{id=9, name='Эконом+', capacity=2, price=2000.0}
2024-12-12 23:34:21,175 [http-nio-8080-exec-2] INFO  com.heartoftatarstan.servlets.LoginServlet- Room{id=10, name='Эконом', capacity=1, price=1500.0}
2024-12-12 23:34:21,298 [http-nio-8080-exec-3] INFO  com.heartoftatarstan.servlets.LoginServlet- Room{id=1, name='Эконом', capacity=1, price=1500.0}
2024-12-12 23:34:21,298 [http-nio-8080-exec-3] INFO  com.heartoftatarstan.servlets.LoginServlet- Room{id=2, name='Эконом+', capacity=2, price=2000.0}
2024-12-12 23:34:21,298 [http-nio-8080-exec-3] INFO  com.heartoftatarstan.servlets.LoginServlet- Room{id=3, name='Стандарт', capacity=2, price=3000.0}
2024-12-12 23:34:21,298 [http-nio-8080-exec-3] INFO  com.heartoftatarstan.servlets.LoginServlet- Room{id=4, name='Семейный', capacity=4, price=5000.0}
2024-12-12 23:34:21,298 [http-nio-8080-exec-3] INFO  com.heartoftatarstan.servlets.LoginServlet- Room{id=6, name='Апартаменты', capacity=5, price=10000.0}
2024-12-12 23:34:21,298 [http-nio-8080-exec-3] INFO  com.heartoftatarstan.servlets.LoginServlet- Room{id=8, name='Эконом', capacity=1, price=1500.0}
2024-12-12 23:34:21,298 [http-nio-8080-exec-3] INFO  com.heartoftatarstan.servlets.LoginServlet- Room{id=9, name='Эконом+', capacity=2, price=2000.0}
2024-12-12 23:34:21,299 [http-nio-8080-exec-3] INFO  com.heartoftatarstan.servlets.LoginServlet- Room{id=10, name='Эконом', capacity=1, price=1500.0}
2024-12-12 23:34:27,431 [http-nio-8080-exec-4] DEBUG com.heartoftatarstan.servlets.LoginServlet- Открыта страница Login
2024-12-12 23:34:48,626 [http-nio-8080-exec-9] DEBUG com.heartoftatarstan.servlets.LoginServlet- Открыта страница Login
2024-12-12 23:35:39,575 [http-nio-8080-exec-6] INFO  com.heartoftatarstan.servlets.LoginServlet- Room{id=1, name='Эконом', capacity=1, price=1500.0}
2024-12-12 23:35:39,576 [http-nio-8080-exec-6] INFO  com.heartoftatarstan.servlets.LoginServlet- Room{id=2, name='Эконом+', capacity=2, price=2000.0}
2024-12-12 23:35:39,576 [http-nio-8080-exec-6] INFO  com.heartoftatarstan.servlets.LoginServlet- Room{id=3, name='Стандарт', capacity=2, price=3000.0}
2024-12-12 23:35:39,576 [http-nio-8080-exec-6] INFO  com.heartoftatarstan.servlets.LoginServlet- Room{id=4, name='Семейный', capacity=4, price=5000.0}
2024-12-12 23:35:39,576 [http-nio-8080-exec-6] INFO  com.heartoftatarstan.servlets.LoginServlet- Room{id=6, name='Апартаменты', capacity=5, price=10000.0}
2024-12-12 23:35:39,576 [http-nio-8080-exec-6] INFO  com.heartoftatarstan.servlets.LoginServlet- Room{id=8, name='Эконом', capacity=1, price=1500.0}
2024-12-12 23:35:39,576 [http-nio-8080-exec-6] INFO  com.heartoftatarstan.servlets.LoginServlet- Room{id=9, name='Эконом+', capacity=2, price=2000.0}
2024-12-12 23:35:39,576 [http-nio-8080-exec-6] INFO  com.heartoftatarstan.servlets.LoginServlet- Room{id=10, name='Эконом', capacity=1, price=1500.0}
